{"meta": {"format": 3, "version": "7.13.4", "timestamp": "2026-03-04T09:29:37.980498", "branch_coverage": false, "show_contexts": false}, "files": {"claude_engine.py": {"executed_lines": [7, 8, 9, 10, 11, 12, 13, 16, 17, 20, 32, 35, 36, 38, 55, 67, 71, 77, 108, 121, 147, 198, 243, 254, 280, 284, 297], "summary": {"covered_lines": 27, "num_statements": 149, "percent_covered": 18.120805369127517, "percent_covered_display": "18", "missing_lines": 122, "excluded_lines": 0, "percent_statements_covered": 18.120805369127517, "percent_statements_covered_display": "18"}, "missing_lines": [41, 42, 43, 44, 45, 46, 47, 48, 49, 52, 53, 57, 58, 59, 60, 61, 62, 63, 64, 65, 69, 73, 74, 75, 79, 81, 82, 83, 86, 90, 91, 92, 94, 97, 100, 101, 102, 104, 106, 110, 112, 113, 114, 115, 116, 117, 119, 123, 126, 128, 129, 130, 133, 134, 135, 137, 140, 141, 142, 143, 145, 149, 151, 152, 153, 155, 156, 165, 168, 169, 170, 172, 174, 181, 184, 186, 187, 188, 190, 200, 202, 205, 207, 208, 210, 211, 212, 214, 215, 216, 220, 222, 224, 225, 234, 245, 247, 248, 249, 250, 252, 256, 257, 259, 261, 262, 263, 264, 266, 267, 268, 270, 271, 272, 274, 275, 276, 278, 282, 286, 313, 314], "excluded_lines": [], "functions": {"ClaudeEngine.__init__": {"executed_lines": [], "summary": {"covered_lines": 0, "num_statements": 11, "percent_covered": 0.0, "percent_covered_display": "0", "missing_lines": 11, "excluded_lines": 0, "percent_statements_covered": 0.0, "percent_statements_covered_display": "0"}, "missing_lines": [41, 42, 43, 44, 45, 46, 47, 48, 49, 52, 53], "excluded_lines": [], "start_line": 38}, "ClaudeEngine._init_client": {"executed_lines": [], "summary": {"covered_lines": 0, "num_statements": 9, "percent_covered": 0.0, "percent_covered_display": "0", "missing_lines": 9, "excluded_lines": 0, "percent_statements_covered": 0.0, "percent_statements_covered_display": "0"}, "missing_lines": [57, 58, 59, 60, 61, 62, 63, 64, 65], "excluded_lines": [], "start_line": 55}, "ClaudeEngine._log": {"executed_lines": [], "summary": {"covered_lines": 0, "num_statements": 1, "percent_covered": 0.0, "percent_covered_display": "0", "missing_lines": 1, "excluded_lines": 0, "percent_statements_covered": 0.0, "percent_statements_covered_display": "0"}, "missing_lines": [69], "excluded_lines": [], "start_line": 67}, "ClaudeEngine._report_progress": {"executed_lines": [], "summary": {"covered_lines": 0, "num_statements": 3, "percent_covered": 0.0, "percent_covered_display": "0", "missing_lines": 3, "excluded_lines": 0, "percent_statements_covered": 0.0, "percent_statements_covered_display": "0"}, "missing_lines": [73, 74, 75], "excluded_lines": [], "start_line": 71}, "ClaudeEngine.run_all": {"executed_lines": [], "summary": {"covered_lines": 0, "num_statements": 15, "percent_covered": 0.0, "percent_covered_display": "0", "missing_lines": 15, "excluded_lines": 0, "percent_statements_covered": 0.0, "percent_statements_covered_display": "0"}, "missing_lines": [79, 81, 82, 83, 86, 90, 91, 92, 94, 97, 100, 101, 102, 104, 106], "excluded_lines": [], "start_line": 77}, "ClaudeEngine._group_rules_by_zone": {"executed_lines": [], "summary": {"covered_lines": 0, "num_statements": 8, "percent_covered": 0.0, "percent_covered_display": "0", "missing_lines": 8, "excluded_lines": 0, "percent_statements_covered": 0.0, "percent_statements_covered_display": "0"}, "missing_lines": [110, 112, 113, 114, 115, 116, 117, 119], "excluded_lines": [], "start_line": 108}, "ClaudeEngine._check_zone": {"executed_lines": [], "summary": {"covered_lines": 0, "num_statements": 14, "percent_covered": 0.0, "percent_covered_display": "0", "missing_lines": 14, "excluded_lines": 0, "percent_statements_covered": 0.0, "percent_statements_covered_display": "0"}, "missing_lines": [123, 126, 128, 129, 130, 133, 134, 135, 137, 140, 141, 142, 143, 145], "excluded_lines": [], "start_line": 121}, "ClaudeEngine._check_single_rule": {"executed_lines": [], "summary": {"covered_lines": 0, "num_statements": 18, "percent_covered": 0.0, "percent_covered_display": "0", "missing_lines": 18, "excluded_lines": 0, "percent_statements_covered": 0.0, "percent_statements_covered_display": "0"}, "missing_lines": [149, 151, 152, 153, 155, 156, 165, 168, 169, 170, 172, 174, 181, 184, 186, 187, 188, 190], "excluded_lines": [], "start_line": 147}, "ClaudeEngine._parse_result": {"executed_lines": [], "summary": {"covered_lines": 0, "num_statements": 16, "percent_covered": 0.0, "percent_covered_display": "0", "missing_lines": 16, "excluded_lines": 0, "percent_statements_covered": 0.0, "percent_statements_covered_display": "0"}, "missing_lines": [200, 202, 205, 207, 208, 210, 211, 212, 214, 215, 216, 220, 222, 224, 225, 234], "excluded_lines": [], "start_line": 198}, "ClaudeEngine._get_text_in_zone": {"executed_lines": [], "summary": {"covered_lines": 0, "num_statements": 6, "percent_covered": 0.0, "percent_covered_display": "0", "missing_lines": 6, "excluded_lines": 0, "percent_statements_covered": 0.0, "percent_statements_covered_display": "0"}, "missing_lines": [245, 247, 248, 249, 250, 252], "excluded_lines": [], "start_line": 243}, "ClaudeEngine.run_async": {"executed_lines": [], "summary": {"covered_lines": 0, "num_statements": 13, "percent_covered": 0.0, "percent_covered_display": "0", "missing_lines": 13, "excluded_lines": 0, "percent_statements_covered": 0.0, "percent_statements_covered_display": "0"}, "missing_lines": [256, 257, 259, 266, 267, 268, 270, 271, 272, 274, 275, 276, 278], "excluded_lines": [], "start_line": 254}, "ClaudeEngine.run_async.worker": {"executed_lines": [], "summary": {"covered_lines": 0, "num_statements": 4, "percent_covered": 0.0, "percent_covered_display": "0", "missing_lines": 4, "excluded_lines": 0, "percent_statements_covered": 0.0, "percent_statements_covered_display": "0"}, "missing_lines": [261, 262, 263, 264], "excluded_lines": [], "start_line": 259}, "ClaudeEngine.is_enabled": {"executed_lines": [], "summary": {"covered_lines": 0, "num_statements": 1, "percent_covered": 0.0, "percent_covered_display": "0", "missing_lines": 1, "excluded_lines": 0, "percent_statements_covered": 0.0, "percent_statements_covered_display": "0"}, "missing_lines": [282], "excluded_lines": [], "start_line": 280}, "ClaudeEngine.get_summary": {"executed_lines": [], "summary": {"covered_lines": 0, "num_statements": 1, "percent_covered": 0.0, "percent_covered_display": "0", "missing_lines": 1, "excluded_lines": 0, "percent_statements_covered": 0.0, "percent_statements_covered_display": "0"}, "missing_lines": [286], "excluded_lines": [], "start_line": 284}, "run_claude_engine": {"executed_lines": [], "summary": {"covered_lines": 0, "num_statements": 2, "percent_covered": 0.0, "percent_covered_display": "0", "missing_lines": 2, "excluded_lines": 0, "percent_statements_covered": 0.0, "percent_statements_covered_display": "0"}, "missing_lines": [313, 314], "excluded_lines": [], "start_line": 297}, "": {"executed_lines": [7, 8, 9, 10, 11, 12, 13, 16, 17, 20, 32, 35, 36, 38, 55, 67, 71, 77, 108, 121, 147, 198, 243, 254, 280, 284, 297], "summary": {"covered_lines": 27, "num_statements": 27, "percent_covered": 100.0, "percent_covered_display": "100", "missing_lines": 0, "excluded_lines": 0, "percent_statements_covered": 100.0, "percent_statements_covered_display": "100"}, "missing_lines": [], "excluded_lines": [], "start_line": 1}}, "classes": {"ClaudeEngine": {"executed_lines": [], "summary": {"covered_lines": 0, "num_statements": 120, "percent_covered": 0.0, "percent_covered_display": "0", "missing_lines": 120, "excluded_lines": 0, "percent_statements_covered": 0.0, "percent_statements_covered_display": "0"}, "missing_lines": [41, 42, 43, 44, 45, 46, 47, 48, 49, 52, 53, 57, 58, 59, 60, 61, 62, 63, 64, 65, 69, 73, 74, 75, 79, 81, 82, 83, 86, 90, 91, 92, 94, 97, 100, 101, 102, 104, 106, 110, 112, 113, 114, 115, 116, 117, 119, 123, 126, 128, 129, 130, 133, 134, 135, 137, 140, 141, 142, 143, 145, 149, 151, 152, 153, 155, 156, 165, 168, 169, 170, 172, 174, 181, 184, 186, 187, 188, 190, 200, 202, 205, 207, 208, 210, 211, 212, 214, 215, 216, 220, 222, 224, 225, 234, 245, 247, 248, 249, 250, 252, 256, 257, 259, 261, 262, 263, 264, 266, 267, 268, 270, 271, 272, 274, 275, 276, 278, 282, 286], "excluded_lines": [], "start_line": 20}, "": {"executed_lines": [7, 8, 9, 10, 11, 12, 13, 16, 17, 20, 32, 35, 36, 38, 55, 67, 71, 77, 108, 121, 147, 198, 243, 254, 280, 284, 297], "summary": {"covered_lines": 27, "num_statements": 29, "percent_covered": 93.10344827586206, "percent_covered_display": "93", "missing_lines": 2, "excluded_lines": 0, "percent_statements_covered": 93.10344827586206, "percent_statements_covered_display": "93"}, "missing_lines": [313, 314], "excluded_lines": [], "start_line": 1}}}, "config.py": {"executed_lines": [7, 13, 14, 17, 18, 21, 22, 23, 24, 34, 35, 36, 42, 52, 57, 73, 87, 101, 111, 119, 130, 141, 149, 166, 178, 237, 244, 253], "summary": {"covered_lines": 28, "num_statements": 28, "percent_covered": 100.0, "percent_covered_display": "100", "missing_lines": 0, "excluded_lines": 0, "percent_statements_covered": 100.0, "percent_statements_covered_display": "100"}, "missing_lines": [], "excluded_lines": [], "functions": {"": {"executed_lines": [7, 13, 14, 17, 18, 21, 22, 23, 24, 34, 35, 36, 42, 52, 57, 73, 87, 101, 111, 119, 130, 141, 149, 166, 178, 237, 244, 253], "summary": {"covered_lines": 28, "num_statements": 28, "percent_covered": 100.0, "percent_covered_display": "100", "missing_lines": 0, "excluded_lines": 0, "percent_statements_covered": 100.0, "percent_statements_covered_display": "100"}, "missing_lines": [], "excluded_lines": [], "start_line": 1}}, "classes": {"": {"executed_lines": [7, 13, 14, 17, 18, 21, 22, 23, 24, 34, 35, 36, 42, 52, 57, 73, 87, 101, 111, 119, 130, 141, 149, 166, 178, 237, 244, 253], "summary": {"covered_lines": 28, "num_statements": 28, "percent_covered": 100.0, "percent_covered_display": "100", "missing_lines": 0, "excluded_lines": 0, "percent_statements_covered": 100.0, "percent_statements_covered_display": "100"}, "missing_lines": [], "excluded_lines": [], "start_line": 1}}}, "docx_engine.py": {"executed_lines": [7, 8, 9, 10, 11, 14, 15, 18, 37, 80, 82, 83, 84, 85, 86, 87, 90, 92, 94, 96, 103, 105, 111, 144, 166, 177, 194, 207, 220, 232, 243, 272, 294, 306, 329], "summary": {"covered_lines": 35, "num_statements": 140, "percent_covered": 25.0, "percent_covered_display": "25", "missing_lines": 105, "excluded_lines": 0, "percent_statements_covered": 25.0, "percent_statements_covered_display": "25"}, "missing_lines": [97, 98, 99, 101, 107, 108, 109, 113, 116, 127, 128, 129, 130, 131, 133, 135, 136, 137, 138, 139, 140, 142, 146, 149, 151, 153, 154, 155, 157, 158, 159, 160, 161, 162, 164, 168, 173, 175, 179, 182, 184, 186, 187, 188, 189, 190, 192, 196, 199, 201, 203, 205, 209, 212, 213, 214, 216, 218, 222, 230, 234, 239, 241, 245, 248, 249, 250, 251, 252, 255, 257, 259, 261, 262, 263, 264, 265, 266, 268, 270, 274, 277, 279, 281, 282, 283, 285, 286, 287, 288, 289, 290, 292, 296, 298, 308, 318, 319, 320, 322, 323, 324, 326, 343, 344], "excluded_lines": [], "functions": {"DocxEngine.__init__": {"executed_lines": [82, 83, 84, 85, 86, 87, 90], "summary": {"covered_lines": 7, "num_statements": 7, "percent_covered": 100.0, "percent_covered_display": "100", "missing_lines": 0, "excluded_lines": 0, "percent_statements_covered": 100.0, "percent_statements_covered_display": "100"}, "missing_lines": [], "excluded_lines": [], "start_line": 80}, "DocxEngine._group_rules": {"executed_lines": [94, 96, 103], "summary": {"covered_lines": 3, "num_statements": 7, "percent_covered": 42.857142857142854, "percent_covered_display": "43", "missing_lines": 4, "excluded_lines": 0, "percent_statements_covered": 42.857142857142854, "percent_statements_covered_display": "43"}, "missing_lines": [97, 98, 99, 101], "excluded_lines": [], "start_line": 92}, "DocxEngine._report_progress": {"executed_lines": [], "summary": {"covered_lines": 0, "num_statements": 3, "percent_covered": 0.0, "percent_covered_display": "0", "missing_lines": 3, "excluded_lines": 0, "percent_statements_covered": 0.0, "percent_statements_covered_display": "0"}, "missing_lines": [107, 108, 109], "excluded_lines": [], "start_line": 105}, "DocxEngine.run_all": {"executed_lines": [], "summary": {"covered_lines": 0, "num_statements": 15, "percent_covered": 0.0, "percent_covered_display": "0", "missing_lines": 15, "excluded_lines": 0, "percent_statements_covered": 0.0, "percent_statements_covered_display": "0"}, "missing_lines": [113, 116, 127, 128, 129, 130, 131, 133, 135, 136, 137, 138, 139, 140, 142], "excluded_lines": [], "start_line": 111}, "DocxEngine._check_global": {"executed_lines": [], "summary": {"covered_lines": 0, "num_statements": 13, "percent_covered": 0.0, "percent_covered_display": "0", "missing_lines": 13, "excluded_lines": 0, "percent_statements_covered": 0.0, "percent_statements_covered_display": "0"}, "missing_lines": [146, 149, 151, 153, 154, 155, 157, 158, 159, 160, 161, 162, 164], "excluded_lines": [], "start_line": 144}, "DocxEngine._check_header_footer": {"executed_lines": [], "summary": {"covered_lines": 0, "num_statements": 3, "percent_covered": 0.0, "percent_covered_display": "0", "missing_lines": 3, "excluded_lines": 0, "percent_statements_covered": 0.0, "percent_statements_covered_display": "0"}, "missing_lines": [168, 173, 175], "excluded_lines": [], "start_line": 166}, "DocxEngine._check_paragraphs": {"executed_lines": [], "summary": {"covered_lines": 0, "num_statements": 9, "percent_covered": 0.0, "percent_covered_display": "0", "missing_lines": 9, "excluded_lines": 0, "percent_statements_covered": 0.0, "percent_statements_covered_display": "0"}, "missing_lines": [179, 182, 184, 186, 187, 188, 189, 190, 192], "excluded_lines": [], "start_line": 177}, "DocxEngine._check_figures": {"executed_lines": [], "summary": {"covered_lines": 0, "num_statements": 5, "percent_covered": 0.0, "percent_covered_display": "0", "missing_lines": 5, "excluded_lines": 0, "percent_statements_covered": 0.0, "percent_statements_covered_display": "0"}, "missing_lines": [196, 199, 201, 203, 205], "excluded_lines": [], "start_line": 194}, "DocxEngine._check_tables": {"executed_lines": [], "summary": {"covered_lines": 0, "num_statements": 6, "percent_covered": 0.0, "percent_covered_display": "0", "missing_lines": 6, "excluded_lines": 0, "percent_statements_covered": 0.0, "percent_statements_covered_display": "0"}, "missing_lines": [209, 212, 213, 214, 216, 218], "excluded_lines": [], "start_line": 207}, "DocxEngine._check_single_table": {"executed_lines": [], "summary": {"covered_lines": 0, "num_statements": 2, "percent_covered": 0.0, "percent_covered_display": "0", "missing_lines": 2, "excluded_lines": 0, "percent_statements_covered": 0.0, "percent_statements_covered_display": "0"}, "missing_lines": [222, 230], "excluded_lines": [], "start_line": 220}, "DocxEngine._check_footnotes": {"executed_lines": [], "summary": {"covered_lines": 0, "num_statements": 3, "percent_covered": 0.0, "percent_covered_display": "0", "missing_lines": 3, "excluded_lines": 0, "percent_statements_covered": 0.0, "percent_statements_covered_display": "0"}, "missing_lines": [234, 239, 241], "excluded_lines": [], "start_line": 232}, "DocxEngine._check_references": {"executed_lines": [], "summary": {"covered_lines": 0, "num_statements": 17, "percent_covered": 0.0, "percent_covered_display": "0", "missing_lines": 17, "excluded_lines": 0, "percent_statements_covered": 0.0, "percent_statements_covered_display": "0"}, "missing_lines": [245, 248, 249, 250, 251, 252, 255, 257, 259, 261, 262, 263, 264, 265, 266, 268, 270], "excluded_lines": [], "start_line": 243}, "DocxEngine._check_cross_ref": {"executed_lines": [], "summary": {"covered_lines": 0, "num_statements": 13, "percent_covered": 0.0, "percent_covered_display": "0", "missing_lines": 13, "excluded_lines": 0, "percent_statements_covered": 0.0, "percent_statements_covered_display": "0"}, "missing_lines": [274, 277, 279, 281, 282, 283, 285, 286, 287, 288, 289, 290, 292], "excluded_lines": [], "start_line": 272}, "DocxEngine._create_error_issue": {"executed_lines": [], "summary": {"covered_lines": 0, "num_statements": 2, "percent_covered": 0.0, "percent_covered_display": "0", "missing_lines": 2, "excluded_lines": 0, "percent_statements_covered": 0.0, "percent_statements_covered_display": "0"}, "missing_lines": [296, 298], "excluded_lines": [], "start_line": 294}, "DocxEngine.get_summary": {"executed_lines": [], "summary": {"covered_lines": 0, "num_statements": 8, "percent_covered": 0.0, "percent_covered_display": "0", "missing_lines": 8, "excluded_lines": 0, "percent_statements_covered": 0.0, "percent_statements_covered_display": "0"}, "missing_lines": [308, 318, 319, 320, 322, 323, 324, 326], "excluded_lines": [], "start_line": 306}, "run_docx_engine": {"executed_lines": [], "summary": {"covered_lines": 0, "num_statements": 2, "percent_covered": 0.0, "percent_covered_display": "0", "missing_lines": 2, "excluded_lines": 0, "percent_statements_covered": 0.0, "percent_statements_covered_display": "0"}, "missing_lines": [343, 344], "excluded_lines": [], "start_line": 329}, "": {"executed_lines": [7, 8, 9, 10, 11, 14, 15, 18, 37, 80, 92, 105, 111, 144, 166, 177, 194, 207, 220, 232, 243, 272, 294, 306, 329], "summary": {"covered_lines": 25, "num_statements": 25, "percent_covered": 100.0, "percent_covered_display": "100", "missing_lines": 0, "excluded_lines": 0, "percent_statements_covered": 100.0, "percent_statements_covered_display": "100"}, "missing_lines": [], "excluded_lines": [], "start_line": 1}}, "classes": {"DocxEngine": {"executed_lines": [82, 83, 84, 85, 86, 87, 90, 94, 96, 103], "summary": {"covered_lines": 10, "num_statements": 113, "percent_covered": 8.849557522123893, "percent_covered_display": "9", "missing_lines": 103, "excluded_lines": 0, "percent_statements_covered": 8.849557522123893, "percent_statements_covered_display": "9"}, "missing_lines": [97, 98, 99, 101, 107, 108, 109, 113, 116, 127, 128, 129, 130, 131, 133, 135, 136, 137, 138, 139, 140, 142, 146, 149, 151, 153, 154, 155, 157, 158, 159, 160, 161, 162, 164, 168, 173, 175, 179, 182, 184, 186, 187, 188, 189, 190, 192, 196, 199, 201, 203, 205, 209, 212, 213, 214, 216, 218, 222, 230, 234, 239, 241, 245, 248, 249, 250, 251, 252, 255, 257, 259, 261, 262, 263, 264, 265, 266, 268, 270, 274, 277, 279, 281, 282, 283, 285, 286, 287, 288, 289, 290, 292, 296, 298, 308, 318, 319, 320, 322, 323, 324, 326], "excluded_lines": [], "start_line": 18}, "": {"executed_lines": [7, 8, 9, 10, 11, 14, 15, 18, 37, 80, 92, 105, 111, 144, 166, 177, 194, 207, 220, 232, 243, 272, 294, 306, 329], "summary": {"covered_lines": 25, "num_statements": 27, "percent_covered": 92.5925925925926, "percent_covered_display": "93", "missing_lines": 2, "excluded_lines": 0, "percent_statements_covered": 92.5925925925926, "percent_statements_covered_display": "93"}, "missing_lines": [343, 344], "excluded_lines": [], "start_line": 1}}}, "generate_registry.py": {"executed_lines": [7, 8, 9, 10, 13, 15, 16, 21, 43, 74, 183, 266, 313], "summary": {"covered_lines": 13, "num_statements": 144, "percent_covered": 9.027777777777779, "percent_covered_display": "9", "missing_lines": 131, "excluded_lines": 0, "percent_statements_covered": 9.027777777777779, "percent_statements_covered_display": "9"}, "missing_lines": [17, 18, 23, 24, 29, 30, 32, 33, 34, 37, 38, 39, 40, 45, 46, 47, 48, 51, 52, 55, 56, 58, 59, 62, 63, 66, 67, 69, 71, 92, 93, 99, 100, 101, 102, 105, 106, 108, 109, 112, 113, 114, 115, 117, 118, 120, 121, 124, 125, 126, 127, 128, 129, 131, 134, 135, 136, 137, 140, 141, 144, 146, 147, 149, 150, 151, 152, 153, 154, 157, 163, 164, 165, 166, 167, 168, 170, 171, 173, 188, 189, 190, 191, 192, 195, 201, 202, 205, 206, 207, 214, 216, 229, 230, 231, 238, 241, 242, 243, 244, 245, 247, 248, 249, 250, 251, 253, 254, 256, 258, 260, 261, 263, 268, 270, 271, 272, 273, 274, 276, 279, 282, 283, 288, 289, 294, 295, 301, 302, 305, 314], "excluded_lines": [], "functions": {"load_manual_overrides": {"executed_lines": [], "summary": {"covered_lines": 0, "num_statements": 11, "percent_covered": 0.0, "percent_covered_display": "0", "missing_lines": 11, "excluded_lines": 0, "percent_statements_covered": 0.0, "percent_statements_covered_display": "0"}, "missing_lines": [23, 24, 29, 30, 32, 33, 34, 37, 38, 39, 40], "excluded_lines": [], "start_line": 21}, "apply_manual_overrides": {"executed_lines": [], "summary": {"covered_lines": 0, "num_statements": 16, "percent_covered": 0.0, "percent_covered_display": "0", "missing_lines": 16, "excluded_lines": 0, "percent_statements_covered": 0.0, "percent_statements_covered_display": "0"}, "missing_lines": [45, 46, 47, 48, 51, 52, 55, 56, 58, 59, 62, 63, 66, 67, 69, 71], "excluded_lines": [], "start_line": 43}, "generate_registry": {"executed_lines": [], "summary": {"covered_lines": 0, "num_statements": 50, "percent_covered": 0.0, "percent_covered_display": "0", "missing_lines": 50, "excluded_lines": 0, "percent_statements_covered": 0.0, "percent_statements_covered_display": "0"}, "missing_lines": [92, 93, 99, 100, 101, 102, 105, 106, 108, 109, 112, 113, 114, 115, 117, 118, 120, 121, 124, 125, 126, 127, 128, 129, 131, 134, 135, 136, 137, 140, 141, 144, 146, 147, 149, 150, 151, 152, 153, 154, 157, 163, 164, 165, 166, 167, 168, 170, 171, 173], "excluded_lines": [], "start_line": 74}, "enhance_conditions_with_claude": {"executed_lines": [], "summary": {"covered_lines": 0, "num_statements": 34, "percent_covered": 0.0, "percent_covered_display": "0", "missing_lines": 34, "excluded_lines": 0, "percent_statements_covered": 0.0, "percent_statements_covered_display": "0"}, "missing_lines": [188, 189, 190, 191, 192, 195, 201, 202, 205, 206, 207, 214, 216, 229, 230, 231, 238, 241, 242, 243, 244, 245, 247, 248, 249, 250, 251, 253, 254, 256, 258, 260, 261, 263], "excluded_lines": [], "start_line": 183}, "main": {"executed_lines": [], "summary": {"covered_lines": 0, "num_statements": 17, "percent_covered": 0.0, "percent_covered_display": "0", "missing_lines": 17, "excluded_lines": 0, "percent_statements_covered": 0.0, "percent_statements_covered_display": "0"}, "missing_lines": [268, 270, 271, 272, 273, 274, 276, 279, 282, 283, 288, 289, 294, 295, 301, 302, 305], "excluded_lines": [], "start_line": 266}, "": {"executed_lines": [7, 8, 9, 10, 13, 15, 16, 21, 43, 74, 183, 266, 313], "summary": {"covered_lines": 13, "num_statements": 16, "percent_covered": 81.25, "percent_covered_display": "81", "missing_lines": 3, "excluded_lines": 0, "percent_statements_covered": 81.25, "percent_statements_covered_display": "81"}, "missing_lines": [17, 18, 314], "excluded_lines": [], "start_line": 1}}, "classes": {"": {"executed_lines": [7, 8, 9, 10, 13, 15, 16, 21, 43, 74, 183, 266, 313], "summary": {"covered_lines": 13, "num_statements": 144, "percent_covered": 9.027777777777779, "percent_covered_display": "9", "missing_lines": 131, "excluded_lines": 0, "percent_statements_covered": 9.027777777777779, "percent_statements_covered_display": "9"}, "missing_lines": [17, 18, 23, 24, 29, 30, 32, 33, 34, 37, 38, 39, 40, 45, 46, 47, 48, 51, 52, 55, 56, 58, 59, 62, 63, 66, 67, 69, 71, 92, 93, 99, 100, 101, 102, 105, 106, 108, 109, 112, 113, 114, 115, 117, 118, 120, 121, 124, 125, 126, 127, 128, 129, 131, 134, 135, 136, 137, 140, 141, 144, 146, 147, 149, 150, 151, 152, 153, 154, 157, 163, 164, 165, 166, 167, 168, 170, 171, 173, 188, 189, 190, 191, 192, 195, 201, 202, 205, 206, 207, 214, 216, 229, 230, 231, 238, 241, 242, 243, 244, 245, 247, 248, 249, 250, 251, 253, 254, 256, 258, 260, 261, 263, 268, 270, 271, 272, 273, 274, 276, 279, 282, 283, 288, 289, 294, 295, 301, 302, 305, 314], "excluded_lines": [], "start_line": 1}}}, "gui.py": {"executed_lines": [7, 8, 9, 10, 11, 12, 13, 14, 15, 18, 19, 22, 65, 97, 263, 271, 280, 289, 297, 318, 361, 421, 458, 477, 486, 491, 497, 519], "summary": {"covered_lines": 28, "num_statements": 229, "percent_covered": 12.22707423580786, "percent_covered_display": "12", "missing_lines": 201, "excluded_lines": 0, "percent_statements_covered": 12.22707423580786, "percent_statements_covered_display": "12"}, "missing_lines": [66, 67, 68, 69, 72, 73, 74, 75, 76, 79, 80, 81, 84, 87, 90, 93, 94, 95, 100, 101, 104, 109, 112, 113, 116, 117, 118, 119, 120, 123, 124, 125, 126, 127, 130, 131, 133, 139, 145, 153, 154, 156, 162, 164, 165, 166, 167, 173, 176, 179, 185, 188, 189, 191, 196, 198, 203, 206, 207, 209, 216, 219, 220, 222, 228, 231, 232, 233, 234, 237, 238, 240, 245, 247, 253, 255, 261, 265, 266, 268, 269, 273, 277, 278, 282, 286, 287, 291, 292, 293, 294, 295, 299, 300, 301, 303, 304, 305, 306, 310, 312, 313, 316, 321, 322, 323, 324, 326, 327, 328, 330, 331, 332, 333, 336, 337, 338, 339, 340, 341, 344, 347, 348, 349, 351, 354, 358, 359, 363, 365, 366, 369, 372, 373, 374, 377, 385, 386, 388, 389, 392, 395, 396, 399, 400, 405, 408, 410, 411, 413, 414, 415, 419, 423, 424, 427, 428, 430, 431, 434, 435, 438, 441, 442, 443, 444, 447, 448, 449, 450, 453, 454, 456, 460, 461, 463, 464, 465, 466, 467, 468, 469, 470, 471, 472, 474, 475, 479, 483, 484, 488, 489, 493, 494, 499, 502, 503, 506, 513, 516, 520], "excluded_lines": [], "functions": {"EMBAcheckerGUI.__init__": {"executed_lines": [], "summary": {"covered_lines": 0, "num_statements": 18, "percent_covered": 0.0, "percent_covered_display": "0", "missing_lines": 18, "excluded_lines": 0, "percent_statements_covered": 0.0, "percent_statements_covered_display": "0"}, "missing_lines": [66, 67, 68, 69, 72, 73, 74, 75, 76, 79, 80, 81, 84, 87, 90, 93, 94, 95], "excluded_lines": [], "start_line": 65}, "EMBAcheckerGUI._create_widgets": {"executed_lines": [], "summary": {"covered_lines": 0, "num_statements": 59, "percent_covered": 0.0, "percent_covered_display": "0", "missing_lines": 59, "excluded_lines": 0, "percent_statements_covered": 0.0, "percent_statements_covered_display": "0"}, "missing_lines": [100, 101, 104, 109, 112, 113, 116, 117, 118, 119, 120, 123, 124, 125, 126, 127, 130, 131, 133, 139, 145, 153, 154, 156, 162, 164, 165, 166, 167, 173, 176, 179, 185, 188, 189, 191, 196, 198, 203, 206, 207, 209, 216, 219, 220, 222, 228, 231, 232, 233, 234, 237, 238, 240, 245, 247, 253, 255, 261], "excluded_lines": [], "start_line": 97}, "EMBAcheckerGUI._toggle_api_key": {"executed_lines": [], "summary": {"covered_lines": 0, "num_statements": 4, "percent_covered": 0.0, "percent_covered_display": "0", "missing_lines": 4, "excluded_lines": 0, "percent_statements_covered": 0.0, "percent_statements_covered_display": "0"}, "missing_lines": [265, 266, 268, 269], "excluded_lines": [], "start_line": 263}, "EMBAcheckerGUI._select_doc_file": {"executed_lines": [], "summary": {"covered_lines": 0, "num_statements": 3, "percent_covered": 0.0, "percent_covered_display": "0", "missing_lines": 3, "excluded_lines": 0, "percent_statements_covered": 0.0, "percent_statements_covered_display": "0"}, "missing_lines": [273, 277, 278], "excluded_lines": [], "start_line": 271}, "EMBAcheckerGUI._select_rules_file": {"executed_lines": [], "summary": {"covered_lines": 0, "num_statements": 3, "percent_covered": 0.0, "percent_covered_display": "0", "missing_lines": 3, "excluded_lines": 0, "percent_statements_covered": 0.0, "percent_statements_covered_display": "0"}, "missing_lines": [282, 286, 287], "excluded_lines": [], "start_line": 280}, "EMBAcheckerGUI._log": {"executed_lines": [], "summary": {"covered_lines": 0, "num_statements": 5, "percent_covered": 0.0, "percent_covered_display": "0", "missing_lines": 5, "excluded_lines": 0, "percent_statements_covered": 0.0, "percent_statements_covered_display": "0"}, "missing_lines": [291, 292, 293, 294, 295], "excluded_lines": [], "start_line": 289}, "EMBAcheckerGUI._update_progress": {"executed_lines": [], "summary": {"covered_lines": 0, "num_statements": 11, "percent_covered": 0.0, "percent_covered_display": "0", "missing_lines": 11, "excluded_lines": 0, "percent_statements_covered": 0.0, "percent_statements_covered_display": "0"}, "missing_lines": [299, 300, 301, 303, 304, 305, 306, 310, 312, 313, 316], "excluded_lines": [], "start_line": 297}, "EMBAcheckerGUI._start_check": {"executed_lines": [], "summary": {"covered_lines": 0, "num_statements": 25, "percent_covered": 0.0, "percent_covered_display": "0", "missing_lines": 25, "excluded_lines": 0, "percent_statements_covered": 0.0, "percent_statements_covered_display": "0"}, "missing_lines": [321, 322, 323, 324, 326, 327, 328, 330, 331, 332, 333, 336, 337, 338, 339, 340, 341, 344, 347, 348, 349, 351, 354, 358, 359], "excluded_lines": [], "start_line": 318}, "EMBAcheckerGUI._run_check_thread": {"executed_lines": [], "summary": {"covered_lines": 0, "num_statements": 23, "percent_covered": 0.0, "percent_covered_display": "0", "missing_lines": 23, "excluded_lines": 0, "percent_statements_covered": 0.0, "percent_statements_covered_display": "0"}, "missing_lines": [363, 365, 366, 369, 372, 377, 385, 386, 388, 389, 392, 395, 396, 399, 400, 405, 408, 410, 411, 413, 414, 415, 419], "excluded_lines": [], "start_line": 361}, "EMBAcheckerGUI._run_check_thread.progress_callback": {"executed_lines": [], "summary": {"covered_lines": 0, "num_statements": 2, "percent_covered": 0.0, "percent_covered_display": "0", "missing_lines": 2, "excluded_lines": 0, "percent_statements_covered": 0.0, "percent_statements_covered_display": "0"}, "missing_lines": [373, 374], "excluded_lines": [], "start_line": 372}, "EMBAcheckerGUI._generate_output": {"executed_lines": [], "summary": {"covered_lines": 0, "num_statements": 20, "percent_covered": 0.0, "percent_covered_display": "0", "missing_lines": 20, "excluded_lines": 0, "percent_statements_covered": 0.0, "percent_statements_covered_display": "0"}, "missing_lines": [423, 424, 427, 428, 430, 431, 434, 435, 438, 441, 442, 443, 444, 447, 448, 449, 450, 453, 454, 456], "excluded_lines": [], "start_line": 421}, "EMBAcheckerGUI._update_summary": {"executed_lines": [], "summary": {"covered_lines": 0, "num_statements": 14, "percent_covered": 0.0, "percent_covered_display": "0", "missing_lines": 14, "excluded_lines": 0, "percent_statements_covered": 0.0, "percent_statements_covered_display": "0"}, "missing_lines": [460, 461, 463, 464, 465, 466, 467, 468, 469, 470, 471, 472, 474, 475], "excluded_lines": [], "start_line": 458}, "EMBAcheckerGUI._update_output_display": {"executed_lines": [], "summary": {"covered_lines": 0, "num_statements": 3, "percent_covered": 0.0, "percent_covered_display": "0", "missing_lines": 3, "excluded_lines": 0, "percent_statements_covered": 0.0, "percent_statements_covered_display": "0"}, "missing_lines": [479, 483, 484], "excluded_lines": [], "start_line": 477}, "EMBAcheckerGUI._open_docx": {"executed_lines": [], "summary": {"covered_lines": 0, "num_statements": 2, "percent_covered": 0.0, "percent_covered_display": "0", "missing_lines": 2, "excluded_lines": 0, "percent_statements_covered": 0.0, "percent_statements_covered_display": "0"}, "missing_lines": [488, 489], "excluded_lines": [], "start_line": 486}, "EMBAcheckerGUI._open_report": {"executed_lines": [], "summary": {"covered_lines": 0, "num_statements": 2, "percent_covered": 0.0, "percent_covered_display": "0", "missing_lines": 2, "excluded_lines": 0, "percent_statements_covered": 0.0, "percent_statements_covered_display": "0"}, "missing_lines": [493, 494], "excluded_lines": [], "start_line": 491}, "main": {"executed_lines": [], "summary": {"covered_lines": 0, "num_statements": 6, "percent_covered": 0.0, "percent_covered_display": "0", "missing_lines": 6, "excluded_lines": 0, "percent_statements_covered": 0.0, "percent_statements_covered_display": "0"}, "missing_lines": [499, 502, 503, 506, 513, 516], "excluded_lines": [], "start_line": 497}, "": {"executed_lines": [7, 8, 9, 10, 11, 12, 13, 14, 15, 18, 19, 22, 65, 97, 263, 271, 280, 289, 297, 318, 361, 421, 458, 477, 486, 491, 497, 519], "summary": {"covered_lines": 28, "num_statements": 29, "percent_covered": 96.55172413793103, "percent_covered_display": "97", "missing_lines": 1, "excluded_lines": 0, "percent_statements_covered": 96.55172413793103, "percent_statements_covered_display": "97"}, "missing_lines": [520], "excluded_lines": [], "start_line": 1}}, "classes": {"EMBAcheckerGUI": {"executed_lines": [], "summary": {"covered_lines": 0, "num_statements": 194, "percent_covered": 0.0, "percent_covered_display": "0", "missing_lines": 194, "excluded_lines": 0, "percent_statements_covered": 0.0, "percent_statements_covered_display": "0"}, "missing_lines": [66, 67, 68, 69, 72, 73, 74, 75, 76, 79, 80, 81, 84, 87, 90, 93, 94, 95, 100, 101, 104, 109, 112, 113, 116, 117, 118, 119, 120, 123, 124, 125, 126, 127, 130, 131, 133, 139, 145, 153, 154, 156, 162, 164, 165, 166, 167, 173, 176, 179, 185, 188, 189, 191, 196, 198, 203, 206, 207, 209, 216, 219, 220, 222, 228, 231, 232, 233, 234, 237, 238, 240, 245, 247, 253, 255, 261, 265, 266, 268, 269, 273, 277, 278, 282, 286, 287, 291, 292, 293, 294, 295, 299, 300, 301, 303, 304, 305, 306, 310, 312, 313, 316, 321, 322, 323, 324, 326, 327, 328, 330, 331, 332, 333, 336, 337, 338, 339, 340, 341, 344, 347, 348, 349, 351, 354, 358, 359, 363, 365, 366, 369, 372, 373, 374, 377, 385, 386, 388, 389, 392, 395, 396, 399, 400, 405, 408, 410, 411, 413, 414, 415, 419, 423, 424, 427, 428, 430, 431, 434, 435, 438, 441, 442, 443, 444, 447, 448, 449, 450, 453, 454, 456, 460, 461, 463, 464, 465, 466, 467, 468, 469, 470, 471, 472, 474, 475, 479, 483, 484, 488, 489, 493, 494], "excluded_lines": [], "start_line": 22}, "": {"executed_lines": [7, 8, 9, 10, 11, 12, 13, 14, 15, 18, 19, 22, 65, 97, 263, 271, 280, 289, 297, 318, 361, 421, 458, 477, 486, 491, 497, 519], "summary": {"covered_lines": 28, "num_statements": 35, "percent_covered": 80.0, "percent_covered_display": "80", "missing_lines": 7, "excluded_lines": 0, "percent_statements_covered": 80.0, "percent_statements_covered_display": "80"}, "missing_lines": [499, 502, 503, 506, 513, 516, 520], "excluded_lines": [], "start_line": 1}}}, "main_engine.py": {"executed_lines": [7, 8, 9, 10, 11, 14, 15, 17, 20, 30, 62, 67, 104, 117, 135, 141, 147, 190, 233, 250, 268, 329], "summary": {"covered_lines": 22, "num_statements": 148, "percent_covered": 14.864864864864865, "percent_covered_display": "15", "missing_lines": 126, "excluded_lines": 0, "percent_statements_covered": 14.864864864864865, "percent_statements_covered_display": "15"}, "missing_lines": [33, 34, 35, 38, 41, 42, 44, 45, 48, 49, 52, 55, 64, 65, 77, 80, 81, 82, 85, 86, 87, 88, 89, 91, 94, 95, 98, 100, 102, 106, 108, 115, 119, 121, 129, 130, 131, 133, 137, 138, 139, 143, 144, 145, 157, 160, 161, 162, 163, 164, 167, 168, 169, 170, 171, 174, 176, 177, 178, 181, 182, 185, 186, 188, 199, 202, 204, 207, 208, 209, 210, 211, 213, 214, 215, 216, 219, 220, 221, 222, 224, 235, 236, 237, 239, 252, 254, 255, 264, 265, 270, 272, 273, 274, 275, 276, 277, 278, 280, 283, 284, 285, 288, 289, 290, 292, 295, 303, 306, 308, 309, 310, 311, 312, 313, 314, 315, 316, 317, 318, 319, 322, 323, 324, 326, 330], "excluded_lines": [], "functions": {"MainEngine.__init__": {"executed_lines": [], "summary": {"covered_lines": 0, "num_statements": 12, "percent_covered": 0.0, "percent_covered_display": "0", "missing_lines": 12, "excluded_lines": 0, "percent_statements_covered": 0.0, "percent_statements_covered_display": "0"}, "missing_lines": [33, 34, 35, 38, 41, 42, 44, 45, 48, 49, 52, 55], "excluded_lines": [], "start_line": 30}, "MainEngine._report_progress": {"executed_lines": [], "summary": {"covered_lines": 0, "num_statements": 2, "percent_covered": 0.0, "percent_covered_display": "0", "missing_lines": 2, "excluded_lines": 0, "percent_statements_covered": 0.0, "percent_statements_covered_display": "0"}, "missing_lines": [64, 65], "excluded_lines": [], "start_line": 62}, "MainEngine.run": {"executed_lines": [], "summary": {"covered_lines": 0, "num_statements": 15, "percent_covered": 0.0, "percent_covered_display": "0", "missing_lines": 15, "excluded_lines": 0, "percent_statements_covered": 0.0, "percent_statements_covered_display": "0"}, "missing_lines": [77, 80, 81, 82, 85, 86, 87, 88, 89, 91, 94, 95, 98, 100, 102], "excluded_lines": [], "start_line": 67}, "MainEngine._run_docx_engine": {"executed_lines": [], "summary": {"covered_lines": 0, "num_statements": 3, "percent_covered": 0.0, "percent_covered_display": "0", "missing_lines": 3, "excluded_lines": 0, "percent_statements_covered": 0.0, "percent_statements_covered_display": "0"}, "missing_lines": [106, 108, 115], "excluded_lines": [], "start_line": 104}, "MainEngine._run_claude_engine": {"executed_lines": [], "summary": {"covered_lines": 0, "num_statements": 6, "percent_covered": 0.0, "percent_covered_display": "0", "missing_lines": 6, "excluded_lines": 0, "percent_statements_covered": 0.0, "percent_statements_covered_display": "0"}, "missing_lines": [119, 121, 129, 130, 131, 133], "excluded_lines": [], "start_line": 117}, "MainEngine._make_docx_progress_callback": {"executed_lines": [], "summary": {"covered_lines": 0, "num_statements": 2, "percent_covered": 0.0, "percent_covered_display": "0", "missing_lines": 2, "excluded_lines": 0, "percent_statements_covered": 0.0, "percent_statements_covered_display": "0"}, "missing_lines": [137, 139], "excluded_lines": [], "start_line": 135}, "MainEngine._make_docx_progress_callback.callback": {"executed_lines": [], "summary": {"covered_lines": 0, "num_statements": 1, "percent_covered": 0.0, "percent_covered_display": "0", "missing_lines": 1, "excluded_lines": 0, "percent_statements_covered": 0.0, "percent_statements_covered_display": "0"}, "missing_lines": [138], "excluded_lines": [], "start_line": 137}, "MainEngine._make_claude_progress_callback": {"executed_lines": [], "summary": {"covered_lines": 0, "num_statements": 2, "percent_covered": 0.0, "percent_covered_display": "0", "missing_lines": 2, "excluded_lines": 0, "percent_statements_covered": 0.0, "percent_statements_covered_display": "0"}, "missing_lines": [143, 145], "excluded_lines": [], "start_line": 141}, "MainEngine._make_claude_progress_callback.callback": {"executed_lines": [], "summary": {"covered_lines": 0, "num_statements": 1, "percent_covered": 0.0, "percent_covered_display": "0", "missing_lines": 1, "excluded_lines": 0, "percent_statements_covered": 0.0, "percent_statements_covered_display": "0"}, "missing_lines": [144], "excluded_lines": [], "start_line": 143}, "MainEngine._merge_issues": {"executed_lines": [], "summary": {"covered_lines": 0, "num_statements": 20, "percent_covered": 0.0, "percent_covered_display": "0", "missing_lines": 20, "excluded_lines": 0, "percent_statements_covered": 0.0, "percent_statements_covered_display": "0"}, "missing_lines": [157, 160, 161, 162, 163, 164, 167, 168, 169, 170, 171, 174, 176, 177, 178, 181, 182, 185, 186, 188], "excluded_lines": [], "start_line": 147}, "MainEngine._merge_duplicate_issues": {"executed_lines": [], "summary": {"covered_lines": 0, "num_statements": 17, "percent_covered": 0.0, "percent_covered_display": "0", "missing_lines": 17, "excluded_lines": 0, "percent_statements_covered": 0.0, "percent_statements_covered_display": "0"}, "missing_lines": [199, 202, 204, 207, 208, 209, 210, 211, 213, 214, 215, 216, 219, 220, 221, 222, 224], "excluded_lines": [], "start_line": 190}, "MainEngine.get_summary": {"executed_lines": [], "summary": {"covered_lines": 0, "num_statements": 4, "percent_covered": 0.0, "percent_covered_display": "0", "missing_lines": 4, "excluded_lines": 0, "percent_statements_covered": 0.0, "percent_statements_covered_display": "0"}, "missing_lines": [235, 236, 237, 239], "excluded_lines": [], "start_line": 233}, "MainEngine.export_issues_json": {"executed_lines": [], "summary": {"covered_lines": 0, "num_statements": 5, "percent_covered": 0.0, "percent_covered_display": "0", "missing_lines": 5, "excluded_lines": 0, "percent_statements_covered": 0.0, "percent_statements_covered_display": "0"}, "missing_lines": [252, 254, 255, 264, 265], "excluded_lines": [], "start_line": 250}, "main": {"executed_lines": [], "summary": {"covered_lines": 0, "num_statements": 32, "percent_covered": 0.0, "percent_covered_display": "0", "missing_lines": 32, "excluded_lines": 0, "percent_statements_covered": 0.0, "percent_statements_covered_display": "0"}, "missing_lines": [270, 272, 273, 274, 275, 276, 277, 278, 280, 283, 284, 285, 288, 295, 303, 306, 308, 309, 310, 311, 312, 313, 314, 315, 316, 317, 318, 319, 322, 323, 324, 326], "excluded_lines": [], "start_line": 268}, "main.progress_callback": {"executed_lines": [], "summary": {"covered_lines": 0, "num_statements": 3, "percent_covered": 0.0, "percent_covered_display": "0", "missing_lines": 3, "excluded_lines": 0, "percent_statements_covered": 0.0, "percent_statements_covered_display": "0"}, "missing_lines": [289, 290, 292], "excluded_lines": [], "start_line": 288}, "": {"executed_lines": [7, 8, 9, 10, 11, 14, 15, 17, 20, 30, 62, 67, 104, 117, 135, 141, 147, 190, 233, 250, 268, 329], "summary": {"covered_lines": 22, "num_statements": 23, "percent_covered": 95.65217391304348, "percent_covered_display": "96", "missing_lines": 1, "excluded_lines": 0, "percent_statements_covered": 95.65217391304348, "percent_statements_covered_display": "96"}, "missing_lines": [330], "excluded_lines": [], "start_line": 1}}, "classes": {"MainEngine": {"executed_lines": [], "summary": {"covered_lines": 0, "num_statements": 90, "percent_covered": 0.0, "percent_covered_display": "0", "missing_lines": 90, "excluded_lines": 0, "percent_statements_covered": 0.0, "percent_statements_covered_display": "0"}, "missing_lines": [33, 34, 35, 38, 41, 42, 44, 45, 48, 49, 52, 55, 64, 65, 77, 80, 81, 82, 85, 86, 87, 88, 89, 91, 94, 95, 98, 100, 102, 106, 108, 115, 119, 121, 129, 130, 131, 133, 137, 138, 139, 143, 144, 145, 157, 160, 161, 162, 163, 164, 167, 168, 169, 170, 171, 174, 176, 177, 178, 181, 182, 185, 186, 188, 199, 202, 204, 207, 208, 209, 210, 211, 213, 214, 215, 216, 219, 220, 221, 222, 224, 235, 236, 237, 239, 252, 254, 255, 264, 265], "excluded_lines": [], "start_line": 20}, "": {"executed_lines": [7, 8, 9, 10, 11, 14, 15, 17, 20, 30, 62, 67, 104, 117, 135, 141, 147, 190, 233, 250, 268, 329], "summary": {"covered_lines": 22, "num_statements": 58, "percent_covered": 37.93103448275862, "percent_covered_display": "38", "missing_lines": 36, "excluded_lines": 0, "percent_statements_covered": 37.93103448275862, "percent_statements_covered_display": "38"}, "missing_lines": [270, 272, 273, 274, 275, 276, 277, 278, 280, 283, 284, 285, 288, 289, 290, 292, 295, 303, 306, 308, 309, 310, 311, 312, 313, 314, 315, 316, 317, 318, 319, 322, 323, 324, 326, 330], "excluded_lines": [], "start_line": 1}}}, "md_parser.py": {"executed_lines": [7, 8, 9, 10, 11, 12, 15, 17, 18, 24, 27, 28, 29, 30, 31, 32, 34, 36, 37, 39, 44, 45, 46, 47, 49, 51, 52, 55, 56, 57, 60, 61, 64, 65, 66, 68, 70, 74, 76, 78, 80, 83, 84, 86, 88, 89, 91, 92, 93, 95, 97, 98, 102, 103, 104, 105, 106, 109, 110, 111, 112, 114, 117, 118, 119, 122, 123, 124, 127, 129, 147, 149, 152, 153, 154, 155, 157, 179, 181, 183, 214, 215, 216, 219, 220, 222, 223, 225, 227, 233, 234, 237, 238, 239, 240, 243, 244, 247, 248, 251, 252, 255, 256, 259, 260, 263, 265, 266, 269, 271, 273, 274, 277, 278, 279, 280, 281, 283, 284, 285, 286, 289, 290, 291, 292, 295, 296, 297, 298, 299, 303, 304, 307, 308, 312, 313, 314, 315, 318, 319, 320, 323, 324, 325, 328, 329, 330, 332, 333, 334, 336, 338, 340, 341, 344, 345, 346, 347, 350, 352, 353, 354, 357, 358, 361, 362, 365, 367, 369, 370, 372, 373, 374, 376, 377, 380, 381, 382, 383, 384, 387, 389, 392, 395, 399, 400, 402, 403, 405, 407, 421, 430, 431, 432, 435, 436, 438, 439, 440, 441, 443, 444, 446, 447, 450, 451, 453, 456, 460, 463, 467, 468, 471], "summary": {"covered_lines": 213, "num_statements": 244, "percent_covered": 87.29508196721312, "percent_covered_display": "87", "missing_lines": 31, "excluded_lines": 0, "percent_statements_covered": 87.29508196721312, "percent_statements_covered_display": "87"}, "missing_lines": [19, 21, 99, 150, 159, 170, 171, 174, 175, 177, 300, 309, 310, 359, 363, 378, 385, 393, 454, 457, 473, 474, 476, 479, 480, 482, 483, 486, 487, 488, 489], "excluded_lines": [], "functions": {"MDParser.__init__": {"executed_lines": [28, 29, 30, 31, 32], "summary": {"covered_lines": 5, "num_statements": 5, "percent_covered": 100.0, "percent_covered_display": "100", "missing_lines": 0, "excluded_lines": 0, "percent_statements_covered": 100.0, "percent_statements_covered_display": "100"}, "missing_lines": [], "excluded_lines": [], "start_line": 27}, "MDParser.load": {"executed_lines": [36, 37], "summary": {"covered_lines": 2, "num_statements": 2, "percent_covered": 100.0, "percent_covered_display": "100", "missing_lines": 0, "excluded_lines": 0, "percent_statements_covered": 100.0, "percent_statements_covered_display": "100"}, "missing_lines": [], "excluded_lines": [], "start_line": 34}, "MDParser.parse": {"executed_lines": [44, 45, 46, 47, 49, 51, 52, 55, 56, 57, 60, 61, 64, 65, 66, 68], "summary": {"covered_lines": 16, "num_statements": 16, "percent_covered": 100.0, "percent_covered_display": "100", "missing_lines": 0, "excluded_lines": 0, "percent_statements_covered": 100.0, "percent_statements_covered_display": "100"}, "missing_lines": [], "excluded_lines": [], "start_line": 39}, "MDParser._is_section_heading": {"executed_lines": [74], "summary": {"covered_lines": 1, "num_statements": 1, "percent_covered": 100.0, "percent_covered_display": "100", "missing_lines": 0, "excluded_lines": 0, "percent_statements_covered": 100.0, "percent_statements_covered_display": "100"}, "missing_lines": [], "excluded_lines": [], "start_line": 70}, "MDParser._is_meta_line": {"executed_lines": [78], "summary": {"covered_lines": 1, "num_statements": 1, "percent_covered": 100.0, "percent_covered_display": "100", "missing_lines": 0, "excluded_lines": 0, "percent_statements_covered": 100.0, "percent_statements_covered_display": "100"}, "missing_lines": [], "excluded_lines": [], "start_line": 76}, "MDParser._extract_section_name": {"executed_lines": [83, 84], "summary": {"covered_lines": 2, "num_statements": 2, "percent_covered": 100.0, "percent_covered_display": "100", "missing_lines": 0, "excluded_lines": 0, "percent_statements_covered": 100.0, "percent_statements_covered_display": "100"}, "missing_lines": [], "excluded_lines": [], "start_line": 80}, "MDParser._is_table_row": {"executed_lines": [88, 89, 91, 92, 93], "summary": {"covered_lines": 5, "num_statements": 5, "percent_covered": 100.0, "percent_covered_display": "100", "missing_lines": 0, "excluded_lines": 0, "percent_statements_covered": 100.0, "percent_statements_covered_display": "100"}, "missing_lines": [], "excluded_lines": [], "start_line": 86}, "MDParser._parse_table_row": {"executed_lines": [97, 98, 102, 103, 104, 105, 106, 109, 110, 111, 112, 114, 117, 118, 119, 122, 123, 124, 127, 129], "summary": {"covered_lines": 20, "num_statements": 21, "percent_covered": 95.23809523809524, "percent_covered_display": "95", "missing_lines": 1, "excluded_lines": 0, "percent_statements_covered": 95.23809523809524, "percent_statements_covered_display": "95"}, "missing_lines": [99], "excluded_lines": [], "start_line": 95}, "MDParser._section_to_prefix": {"executed_lines": [149, 152, 153, 154, 155], "summary": {"covered_lines": 5, "num_statements": 6, "percent_covered": 83.33333333333333, "percent_covered_display": "83", "missing_lines": 1, "excluded_lines": 0, "percent_statements_covered": 83.33333333333333, "percent_statements_covered_display": "83"}, "missing_lines": [150], "excluded_lines": [], "start_line": 147}, "MDParser._infer_group": {"executed_lines": [421, 430, 431, 432, 435, 436, 438, 439, 440, 441, 443, 444, 446, 447, 450, 451, 453, 456, 460], "summary": {"covered_lines": 19, "num_statements": 21, "percent_covered": 90.47619047619048, "percent_covered_display": "90", "missing_lines": 2, "excluded_lines": 0, "percent_statements_covered": 90.47619047619048, "percent_statements_covered_display": "90"}, "missing_lines": [454, 457], "excluded_lines": [], "start_line": 407}, "MDParser._infer_zones": {"executed_lines": [181, 183, 214, 215, 216, 219, 220, 222, 223, 225], "summary": {"covered_lines": 10, "num_statements": 10, "percent_covered": 100.0, "percent_covered_display": "100", "missing_lines": 0, "excluded_lines": 0, "percent_statements_covered": 100.0, "percent_statements_covered_display": "100"}, "missing_lines": [], "excluded_lines": [], "start_line": 179}, "MDParser._infer_check_type": {"executed_lines": [233, 234, 237, 238, 239, 240, 243, 244, 247, 248, 251, 252, 255, 256, 259, 260, 263, 265, 266, 269], "summary": {"covered_lines": 20, "num_statements": 20, "percent_covered": 100.0, "percent_covered_display": "100", "missing_lines": 0, "excluded_lines": 0, "percent_statements_covered": 100.0, "percent_statements_covered_display": "100"}, "missing_lines": [], "excluded_lines": [], "start_line": 227}, "MDParser._parse_style_conditions": {"executed_lines": [273, 274, 277, 278, 279, 280, 281, 283, 284, 285, 286, 289, 290, 291, 292, 295, 296, 297, 298, 299, 303, 304, 307, 308, 312, 313, 314, 315, 318, 319, 320, 323, 324, 325, 328, 329, 330, 332, 333, 334, 336], "summary": {"covered_lines": 41, "num_statements": 44, "percent_covered": 93.18181818181819, "percent_covered_display": "93", "missing_lines": 3, "excluded_lines": 0, "percent_statements_covered": 93.18181818181819, "percent_statements_covered_display": "93"}, "missing_lines": [300, 309, 310], "excluded_lines": [], "start_line": 271}, "MDParser._parse_global_conditions": {"executed_lines": [340, 341, 344, 345, 346, 347, 350, 352, 353, 354, 357, 358, 361, 362, 365], "summary": {"covered_lines": 15, "num_statements": 17, "percent_covered": 88.23529411764706, "percent_covered_display": "88", "missing_lines": 2, "excluded_lines": 0, "percent_statements_covered": 88.23529411764706, "percent_statements_covered_display": "88"}, "missing_lines": [359, 363], "excluded_lines": [], "start_line": 338}, "MDParser._parse_count_conditions": {"executed_lines": [369, 370, 372, 373, 374, 376, 377, 380, 381, 382, 383, 384, 387], "summary": {"covered_lines": 13, "num_statements": 15, "percent_covered": 86.66666666666667, "percent_covered_display": "87", "missing_lines": 2, "excluded_lines": 0, "percent_statements_covered": 86.66666666666667, "percent_statements_covered_display": "87"}, "missing_lines": [378, 385], "excluded_lines": [], "start_line": 367}, "MDParser._infer_engine": {"executed_lines": [392, 395, 399, 400, 402, 403, 405], "summary": {"covered_lines": 7, "num_statements": 8, "percent_covered": 87.5, "percent_covered_display": "88", "missing_lines": 1, "excluded_lines": 0, "percent_statements_covered": 87.5, "percent_statements_covered_display": "88"}, "missing_lines": [393], "excluded_lines": [], "start_line": 389}, "parse_md_to_rules": {"executed_lines": [467, 468], "summary": {"covered_lines": 2, "num_statements": 2, "percent_covered": 100.0, "percent_covered_display": "100", "missing_lines": 0, "excluded_lines": 0, "percent_statements_covered": 100.0, "percent_statements_covered_display": "100"}, "missing_lines": [], "excluded_lines": [], "start_line": 463}, "": {"executed_lines": [7, 8, 9, 10, 11, 12, 15, 17, 18, 24, 27, 34, 39, 70, 76, 80, 86, 95, 147, 157, 179, 227, 271, 338, 367, 389, 407, 463, 471], "summary": {"covered_lines": 29, "num_statements": 42, "percent_covered": 69.04761904761905, "percent_covered_display": "69", "missing_lines": 13, "excluded_lines": 0, "percent_statements_covered": 69.04761904761905, "percent_statements_covered_display": "69"}, "missing_lines": [19, 21, 473, 474, 476, 479, 480, 482, 483, 486, 487, 488, 489], "excluded_lines": [], "start_line": 1}}, "classes": {"MDParser": {"executed_lines": [28, 29, 30, 31, 32, 36, 37, 44, 45, 46, 47, 49, 51, 52, 55, 56, 57, 60, 61, 64, 65, 66, 68, 74, 78, 83, 84, 88, 89, 91, 92, 93, 97, 98, 102, 103, 104, 105, 106, 109, 110, 111, 112, 114, 117, 118, 119, 122, 123, 124, 127, 129, 149, 152, 153, 154, 155, 181, 183, 214, 215, 216, 219, 220, 222, 223, 225, 233, 234, 237, 238, 239, 240, 243, 244, 247, 248, 251, 252, 255, 256, 259, 260, 263, 265, 266, 269, 273, 274, 277, 278, 279, 280, 281, 283, 284, 285, 286, 289, 290, 291, 292, 295, 296, 297, 298, 299, 303, 304, 307, 308, 312, 313, 314, 315, 318, 319, 320, 323, 324, 325, 328, 329, 330, 332, 333, 334, 336, 340, 341, 344, 345, 346, 347, 350, 352, 353, 354, 357, 358, 361, 362, 365, 369, 370, 372, 373, 374, 376, 377, 380, 381, 382, 383, 384, 387, 392, 395, 399, 400, 402, 403, 405, 421, 430, 431, 432, 435, 436, 438, 439, 440, 441, 443, 444, 446, 447, 450, 451, 453, 456, 460], "summary": {"covered_lines": 182, "num_statements": 200, "percent_covered": 91.0, "percent_covered_display": "91", "missing_lines": 18, "excluded_lines": 0, "percent_statements_covered": 91.0, "percent_statements_covered_display": "91"}, "missing_lines": [99, 150, 159, 170, 171, 174, 175, 177, 300, 309, 310, 359, 363, 378, 385, 393, 454, 457], "excluded_lines": [], "start_line": 24}, "": {"executed_lines": [7, 8, 9, 10, 11, 12, 15, 17, 18, 24, 27, 34, 39, 70, 76, 80, 86, 95, 147, 157, 179, 227, 271, 338, 367, 389, 407, 463, 467, 468, 471], "summary": {"covered_lines": 31, "num_statements": 44, "percent_covered": 70.45454545454545, "percent_covered_display": "70", "missing_lines": 13, "excluded_lines": 0, "percent_statements_covered": 70.45454545454545, "percent_statements_covered_display": "70"}, "missing_lines": [19, 21, 473, 474, 476, 479, 480, 482, 483, 486, 487, 488, 489], "excluded_lines": [], "start_line": 1}}}, "rule_engine.py": {"executed_lines": [7, 8, 9, 10, 13, 14, 18, 20, 21, 22, 23, 26, 29, 30, 31, 32, 33, 34, 35, 36, 38, 51, 54, 56, 57, 58, 59, 60, 61, 64, 65, 67, 70, 73, 74, 75, 77, 78, 81, 83, 84, 85, 86, 96, 98, 141, 142, 143, 145, 154, 156, 165, 168, 170, 172, 197], "summary": {"covered_lines": 56, "num_statements": 96, "percent_covered": 58.333333333333336, "percent_covered_display": "58", "missing_lines": 40, "excluded_lines": 0, "percent_statements_covered": 58.333333333333336, "percent_statements_covered_display": "58"}, "missing_lines": [24, 68, 71, 79, 87, 88, 99, 100, 102, 113, 114, 115, 116, 118, 119, 120, 121, 123, 124, 125, 126, 127, 128, 136, 137, 139, 146, 157, 166, 173, 184, 185, 186, 188, 189, 191, 192, 194, 200, 201], "excluded_lines": [], "functions": {"_lazy_import": {"executed_lines": [20, 21, 22, 23, 26, 29, 30, 31, 32, 33, 34, 35, 36, 38], "summary": {"covered_lines": 14, "num_statements": 15, "percent_covered": 93.33333333333333, "percent_covered_display": "93", "missing_lines": 1, "excluded_lines": 0, "percent_statements_covered": 93.33333333333333, "percent_statements_covered_display": "93"}, "missing_lines": [24], "excluded_lines": [], "start_line": 18}, "RuleEngine.__init__": {"executed_lines": [57, 58, 59, 60, 61, 64, 65], "summary": {"covered_lines": 7, "num_statements": 7, "percent_covered": 100.0, "percent_covered_display": "100", "missing_lines": 0, "excluded_lines": 0, "percent_statements_covered": 100.0, "percent_statements_covered_display": "100"}, "missing_lines": [], "excluded_lines": [], "start_line": 56}, "RuleEngine._get_rules_by_check_type": {"executed_lines": [], "summary": {"covered_lines": 0, "num_statements": 1, "percent_covered": 0.0, "percent_covered_display": "0", "missing_lines": 1, "excluded_lines": 0, "percent_statements_covered": 0.0, "percent_statements_covered_display": "0"}, "missing_lines": [68], "excluded_lines": [], "start_line": 67}, "RuleEngine._get_rules_by_group": {"executed_lines": [], "summary": {"covered_lines": 0, "num_statements": 1, "percent_covered": 0.0, "percent_covered_display": "0", "missing_lines": 1, "excluded_lines": 0, "percent_statements_covered": 0.0, "percent_statements_covered_display": "0"}, "missing_lines": [71], "excluded_lines": [], "start_line": 70}, "RuleEngine.run_all": {"executed_lines": [74, 75, 77, 78, 81, 83, 84, 85, 86, 96], "summary": {"covered_lines": 10, "num_statements": 13, "percent_covered": 76.92307692307692, "percent_covered_display": "77", "missing_lines": 3, "excluded_lines": 0, "percent_statements_covered": 76.92307692307692, "percent_statements_covered_display": "77"}, "missing_lines": [79, 87, 88], "excluded_lines": [], "start_line": 73}, "RuleEngine.run_by_groups": {"executed_lines": [], "summary": {"covered_lines": 0, "num_statements": 20, "percent_covered": 0.0, "percent_covered_display": "0", "missing_lines": 20, "excluded_lines": 0, "percent_statements_covered": 0.0, "percent_statements_covered_display": "0"}, "missing_lines": [99, 100, 102, 113, 114, 115, 116, 118, 119, 120, 121, 123, 124, 125, 126, 127, 128, 136, 137, 139], "excluded_lines": [], "start_line": 98}, "RuleEngine._run_single_rule": {"executed_lines": [142, 143, 145, 154, 156, 165, 168, 170], "summary": {"covered_lines": 8, "num_statements": 11, "percent_covered": 72.72727272727273, "percent_covered_display": "73", "missing_lines": 3, "excluded_lines": 0, "percent_statements_covered": 72.72727272727273, "percent_statements_covered_display": "73"}, "missing_lines": [146, 157, 166], "excluded_lines": [], "start_line": 141}, "RuleEngine.get_issue_summary": {"executed_lines": [], "summary": {"covered_lines": 0, "num_statements": 9, "percent_covered": 0.0, "percent_covered_display": "0", "missing_lines": 9, "excluded_lines": 0, "percent_statements_covered": 0.0, "percent_statements_covered_display": "0"}, "missing_lines": [173, 184, 185, 186, 188, 189, 191, 192, 194], "excluded_lines": [], "start_line": 172}, "run_check": {"executed_lines": [], "summary": {"covered_lines": 0, "num_statements": 2, "percent_covered": 0.0, "percent_covered_display": "0", "missing_lines": 2, "excluded_lines": 0, "percent_statements_covered": 0.0, "percent_statements_covered_display": "0"}, "missing_lines": [200, 201], "excluded_lines": [], "start_line": 197}, "": {"executed_lines": [7, 8, 9, 10, 13, 14, 18, 51, 54, 56, 67, 70, 73, 98, 141, 172, 197], "summary": {"covered_lines": 17, "num_statements": 17, "percent_covered": 100.0, "percent_covered_display": "100", "missing_lines": 0, "excluded_lines": 0, "percent_statements_covered": 100.0, "percent_statements_covered_display": "100"}, "missing_lines": [], "excluded_lines": [], "start_line": 1}}, "classes": {"RuleEngine": {"executed_lines": [57, 58, 59, 60, 61, 64, 65, 74, 75, 77, 78, 81, 83, 84, 85, 86, 96, 142, 143, 145, 154, 156, 165, 168, 170], "summary": {"covered_lines": 25, "num_statements": 62, "percent_covered": 40.32258064516129, "percent_covered_display": "40", "missing_lines": 37, "excluded_lines": 0, "percent_statements_covered": 40.32258064516129, "percent_statements_covered_display": "40"}, "missing_lines": [68, 71, 79, 87, 88, 99, 100, 102, 113, 114, 115, 116, 118, 119, 120, 121, 123, 124, 125, 126, 127, 128, 136, 137, 139, 146, 157, 166, 173, 184, 185, 186, 188, 189, 191, 192, 194], "excluded_lines": [], "start_line": 51}, "": {"executed_lines": [7, 8, 9, 10, 13, 14, 18, 20, 21, 22, 23, 26, 29, 30, 31, 32, 33, 34, 35, 36, 38, 51, 54, 56, 67, 70, 73, 98, 141, 172, 197], "summary": {"covered_lines": 31, "num_statements": 34, "percent_covered": 91.17647058823529, "percent_covered_display": "91", "missing_lines": 3, "excluded_lines": 0, "percent_statements_covered": 91.17647058823529, "percent_statements_covered_display": "91"}, "missing_lines": [24, 200, 201], "excluded_lines": [], "start_line": 1}}}, "safe_annotator.py": {"executed_lines": [7, 8, 9, 10, 11, 12, 15, 16, 18, 19, 20, 21, 24, 35, 36, 37, 40, 42, 50, 71, 87, 117, 142, 164, 180, 186, 203, 219, 239, 244, 281], "summary": {"covered_lines": 31, "num_statements": 163, "percent_covered": 19.01840490797546, "percent_covered_display": "19", "missing_lines": 132, "excluded_lines": 0, "percent_statements_covered": 19.01840490797546, "percent_statements_covered_display": "19"}, "missing_lines": [43, 44, 45, 46, 47, 48, 58, 61, 62, 63, 64, 65, 66, 67, 69, 73, 75, 77, 78, 80, 82, 83, 85, 91, 92, 93, 95, 98, 99, 100, 101, 102, 103, 106, 107, 108, 109, 110, 111, 114, 115, 124, 127, 130, 133, 134, 135, 136, 139, 140, 149, 152, 156, 159, 160, 161, 162, 172, 174, 175, 178, 182, 183, 184, 193, 196, 199, 201, 205, 207, 208, 209, 212, 213, 215, 217, 229, 230, 232, 233, 235, 237, 241, 257, 260, 261, 262, 263, 266, 269, 272, 273, 276, 278, 295, 296, 297, 298, 301, 302, 303, 304, 305, 306, 307, 310, 311, 312, 314, 315, 316, 317, 318, 319, 320, 321, 324, 325, 326, 328, 329, 330, 331, 332, 333, 335, 336, 337, 340, 341, 342, 344], "excluded_lines": [], "functions": {"SafeAnnotator.__init__": {"executed_lines": [], "summary": {"covered_lines": 0, "num_statements": 6, "percent_covered": 0.0, "percent_covered_display": "0", "missing_lines": 6, "excluded_lines": 0, "percent_statements_covered": 0.0, "percent_statements_covered_display": "0"}, "missing_lines": [43, 44, 45, 46, 47, 48], "excluded_lines": [], "start_line": 42}, "SafeAnnotator.annotate_all": {"executed_lines": [], "summary": {"covered_lines": 0, "num_statements": 9, "percent_covered": 0.0, "percent_covered_display": "0", "missing_lines": 9, "excluded_lines": 0, "percent_statements_covered": 0.0, "percent_statements_covered_display": "0"}, "missing_lines": [58, 61, 62, 63, 64, 65, 66, 67, 69], "excluded_lines": [], "start_line": 50}, "SafeAnnotator._group_issues_by_paragraph": {"executed_lines": [], "summary": {"covered_lines": 0, "num_statements": 8, "percent_covered": 0.0, "percent_covered_display": "0", "missing_lines": 8, "excluded_lines": 0, "percent_statements_covered": 0.0, "percent_statements_covered_display": "0"}, "missing_lines": [73, 75, 77, 78, 80, 82, 83, 85], "excluded_lines": [], "start_line": 71}, "SafeAnnotator._annotate_paragraph": {"executed_lines": [], "summary": {"covered_lines": 0, "num_statements": 18, "percent_covered": 0.0, "percent_covered_display": "0", "missing_lines": 18, "excluded_lines": 0, "percent_statements_covered": 0.0, "percent_statements_covered_display": "0"}, "missing_lines": [91, 92, 93, 95, 98, 99, 100, 101, 102, 103, 106, 107, 108, 109, 110, 111, 114, 115], "excluded_lines": [], "start_line": 87}, "SafeAnnotator._annotate_independent_paragraph": {"executed_lines": [], "summary": {"covered_lines": 0, "num_statements": 9, "percent_covered": 0.0, "percent_covered_display": "0", "missing_lines": 9, "excluded_lines": 0, "percent_statements_covered": 0.0, "percent_statements_covered_display": "0"}, "missing_lines": [124, 127, 130, 133, 134, 135, 136, 139, 140], "excluded_lines": [], "start_line": 117}, "SafeAnnotator._annotate_inline_suffix": {"executed_lines": [], "summary": {"covered_lines": 0, "num_statements": 7, "percent_covered": 0.0, "percent_covered_display": "0", "missing_lines": 7, "excluded_lines": 0, "percent_statements_covered": 0.0, "percent_statements_covered_display": "0"}, "missing_lines": [149, 152, 156, 159, 160, 161, 162], "excluded_lines": [], "start_line": 142}, "SafeAnnotator._highlight_paragraph": {"executed_lines": [], "summary": {"covered_lines": 0, "num_statements": 4, "percent_covered": 0.0, "percent_covered_display": "0", "missing_lines": 4, "excluded_lines": 0, "percent_statements_covered": 0.0, "percent_statements_covered_display": "0"}, "missing_lines": [172, 174, 175, 178], "excluded_lines": [], "start_line": 164}, "SafeAnnotator._highlight_runs": {"executed_lines": [], "summary": {"covered_lines": 0, "num_statements": 3, "percent_covered": 0.0, "percent_covered_display": "0", "missing_lines": 3, "excluded_lines": 0, "percent_statements_covered": 0.0, "percent_statements_covered_display": "0"}, "missing_lines": [182, 183, 184], "excluded_lines": [], "start_line": 180}, "SafeAnnotator._insert_paragraph_after": {"executed_lines": [], "summary": {"covered_lines": 0, "num_statements": 4, "percent_covered": 0.0, "percent_covered_display": "0", "missing_lines": 4, "excluded_lines": 0, "percent_statements_covered": 0.0, "percent_statements_covered_display": "0"}, "missing_lines": [193, 196, 199, 201], "excluded_lines": [], "start_line": 186}, "SafeAnnotator._build_annotation_text": {"executed_lines": [], "summary": {"covered_lines": 0, "num_statements": 8, "percent_covered": 0.0, "percent_covered_display": "0", "missing_lines": 8, "excluded_lines": 0, "percent_statements_covered": 0.0, "percent_statements_covered_display": "0"}, "missing_lines": [205, 207, 208, 209, 212, 213, 215, 217], "excluded_lines": [], "start_line": 203}, "SafeAnnotator.save": {"executed_lines": [], "summary": {"covered_lines": 0, "num_statements": 6, "percent_covered": 0.0, "percent_covered_display": "0", "missing_lines": 6, "excluded_lines": 0, "percent_statements_covered": 0.0, "percent_statements_covered_display": "0"}, "missing_lines": [229, 230, 232, 233, 235, 237], "excluded_lines": [], "start_line": 219}, "SafeAnnotator.get_log": {"executed_lines": [], "summary": {"covered_lines": 0, "num_statements": 1, "percent_covered": 0.0, "percent_covered_display": "0", "missing_lines": 1, "excluded_lines": 0, "percent_statements_covered": 0.0, "percent_statements_covered_display": "0"}, "missing_lines": [241], "excluded_lines": [], "start_line": 239}, "annotate_document": {"executed_lines": [], "summary": {"covered_lines": 0, "num_statements": 11, "percent_covered": 0.0, "percent_covered_display": "0", "missing_lines": 11, "excluded_lines": 0, "percent_statements_covered": 0.0, "percent_statements_covered_display": "0"}, "missing_lines": [257, 260, 261, 262, 263, 266, 269, 272, 273, 276, 278], "excluded_lines": [], "start_line": 244}, "generate_report": {"executed_lines": [], "summary": {"covered_lines": 0, "num_statements": 38, "percent_covered": 0.0, "percent_covered_display": "0", "missing_lines": 38, "excluded_lines": 0, "percent_statements_covered": 0.0, "percent_statements_covered_display": "0"}, "missing_lines": [295, 296, 297, 298, 301, 302, 303, 304, 305, 306, 307, 310, 311, 312, 314, 315, 316, 317, 318, 319, 320, 321, 324, 325, 326, 328, 329, 330, 331, 332, 333, 335, 336, 337, 340, 341, 342, 344], "excluded_lines": [], "start_line": 281}, "": {"executed_lines": [7, 8, 9, 10, 11, 12, 15, 16, 18, 19, 20, 21, 24, 35, 36, 37, 40, 42, 50, 71, 87, 117, 142, 164, 180, 186, 203, 219, 239, 244, 281], "summary": {"covered_lines": 31, "num_statements": 31, "percent_covered": 100.0, "percent_covered_display": "100", "missing_lines": 0, "excluded_lines": 0, "percent_statements_covered": 100.0, "percent_statements_covered_display": "100"}, "missing_lines": [], "excluded_lines": [], "start_line": 1}}, "classes": {"SafeAnnotator": {"executed_lines": [], "summary": {"covered_lines": 0, "num_statements": 83, "percent_covered": 0.0, "percent_covered_display": "0", "missing_lines": 83, "excluded_lines": 0, "percent_statements_covered": 0.0, "percent_statements_covered_display": "0"}, "missing_lines": [43, 44, 45, 46, 47, 48, 58, 61, 62, 63, 64, 65, 66, 67, 69, 73, 75, 77, 78, 80, 82, 83, 85, 91, 92, 93, 95, 98, 99, 100, 101, 102, 103, 106, 107, 108, 109, 110, 111, 114, 115, 124, 127, 130, 133, 134, 135, 136, 139, 140, 149, 152, 156, 159, 160, 161, 162, 172, 174, 175, 178, 182, 183, 184, 193, 196, 199, 201, 205, 207, 208, 209, 212, 213, 215, 217, 229, 230, 232, 233, 235, 237, 241], "excluded_lines": [], "start_line": 24}, "": {"executed_lines": [7, 8, 9, 10, 11, 12, 15, 16, 18, 19, 20, 21, 24, 35, 36, 37, 40, 42, 50, 71, 87, 117, 142, 164, 180, 186, 203, 219, 239, 244, 281], "summary": {"covered_lines": 31, "num_statements": 80, "percent_covered": 38.75, "percent_covered_display": "39", "missing_lines": 49, "excluded_lines": 0, "percent_statements_covered": 38.75, "percent_statements_covered_display": "39"}, "missing_lines": [257, 260, 261, 262, 263, 266, 269, 272, 273, 276, 278, 295, 296, 297, 298, 301, 302, 303, 304, 305, 306, 307, 310, 311, 312, 314, 315, 316, 317, 318, 319, 320, 321, 324, 325, 326, 328, 329, 330, 331, 332, 333, 335, 336, 337, 340, 341, 342, 344], "excluded_lines": [], "start_line": 1}}}, "utils.py": {"executed_lines": [7, 8, 11, 12, 15, 16, 17, 18, 19, 21, 22, 32, 34, 37, 39, 42, 44, 47, 49, 52, 57, 62, 67, 72, 80, 89, 116, 130, 137, 140, 141, 148, 153, 160, 166, 168, 172, 175, 176, 177, 187, 190, 197, 198, 200, 205, 207, 208, 210, 215, 225, 227, 229, 232, 234, 236, 239, 241, 243, 246, 248, 251, 260, 267, 268, 280, 285, 303, 322, 329, 330, 331, 358, 363, 373, 387, 394, 395, 403, 410, 411, 429, 431, 434, 436, 439, 441, 444, 446, 449, 451, 454, 456, 459, 461, 468, 470, 471, 476, 478, 479, 484, 496, 506, 507, 508, 513, 514, 515, 518, 523, 528, 537, 564, 566, 569, 570, 577, 579, 580, 585, 587, 588, 593, 600, 601, 602, 607, 609, 610, 615, 617, 618, 619], "summary": {"covered_lines": 134, "num_statements": 281, "percent_covered": 47.686832740213525, "percent_covered_display": "48", "missing_lines": 147, "excluded_lines": 0, "percent_statements_covered": 47.686832740213525, "percent_statements_covered_display": "48"}, "missing_lines": [13, 23, 25, 54, 59, 64, 69, 77, 82, 101, 102, 103, 104, 105, 107, 108, 110, 111, 112, 113, 118, 119, 120, 121, 122, 123, 142, 143, 145, 146, 147, 149, 150, 169, 178, 179, 180, 181, 182, 184, 185, 199, 201, 202, 209, 211, 212, 217, 218, 219, 220, 221, 222, 228, 235, 242, 253, 269, 271, 279, 281, 282, 292, 293, 294, 296, 297, 298, 299, 300, 310, 311, 312, 314, 315, 316, 317, 318, 319, 332, 335, 336, 343, 346, 347, 348, 351, 352, 354, 355, 357, 359, 360, 365, 366, 367, 368, 369, 370, 375, 376, 377, 378, 379, 380, 399, 400, 418, 419, 472, 473, 480, 481, 486, 487, 488, 489, 509, 510, 511, 512, 520, 525, 530, 551, 552, 553, 554, 555, 556, 557, 558, 559, 560, 561, 567, 581, 582, 589, 590, 603, 604, 611, 612, 620, 621, 622], "excluded_lines": [], "functions": {"emu_to_cm": {"executed_lines": [34], "summary": {"covered_lines": 1, "num_statements": 1, "percent_covered": 100.0, "percent_covered_display": "100", "missing_lines": 0, "excluded_lines": 0, "percent_statements_covered": 100.0, "percent_statements_covered_display": "100"}, "missing_lines": [], "excluded_lines": [], "start_line": 32}, "cm_to_emu": {"executed_lines": [39], "summary": {"covered_lines": 1, "num_statements": 1, "percent_covered": 100.0, "percent_covered_display": "100", "missing_lines": 0, "excluded_lines": 0, "percent_statements_covered": 100.0, "percent_statements_covered_display": "100"}, "missing_lines": [], "excluded_lines": [], "start_line": 37}, "emu_to_pt": {"executed_lines": [44], "summary": {"covered_lines": 1, "num_statements": 1, "percent_covered": 100.0, "percent_covered_display": "100", "missing_lines": 0, "excluded_lines": 0, "percent_statements_covered": 100.0, "percent_statements_covered_display": "100"}, "missing_lines": [], "excluded_lines": [], "start_line": 42}, "pt_to_emu": {"executed_lines": [49], "summary": {"covered_lines": 1, "num_statements": 1, "percent_covered": 100.0, "percent_covered_display": "100", "missing_lines": 0, "excluded_lines": 0, "percent_statements_covered": 100.0, "percent_statements_covered_display": "100"}, "missing_lines": [], "excluded_lines": [], "start_line": 47}, "emu_to_twips": {"executed_lines": [], "summary": {"covered_lines": 0, "num_statements": 1, "percent_covered": 0.0, "percent_covered_display": "0", "missing_lines": 1, "excluded_lines": 0, "percent_statements_covered": 0.0, "percent_statements_covered_display": "0"}, "missing_lines": [54], "excluded_lines": [], "start_line": 52}, "twips_to_emu": {"executed_lines": [], "summary": {"covered_lines": 0, "num_statements": 1, "percent_covered": 0.0, "percent_covered_display": "0", "missing_lines": 1, "excluded_lines": 0, "percent_statements_covered": 0.0, "percent_statements_covered_display": "0"}, "missing_lines": [59], "excluded_lines": [], "start_line": 57}, "pt_to_twips": {"executed_lines": [], "summary": {"covered_lines": 0, "num_statements": 1, "percent_covered": 0.0, "percent_covered_display": "0", "missing_lines": 1, "excluded_lines": 0, "percent_statements_covered": 0.0, "percent_statements_covered_display": "0"}, "missing_lines": [64], "excluded_lines": [], "start_line": 62}, "twips_to_pt": {"executed_lines": [], "summary": {"covered_lines": 0, "num_statements": 1, "percent_covered": 0.0, "percent_covered_display": "0", "missing_lines": 1, "excluded_lines": 0, "percent_statements_covered": 0.0, "percent_statements_covered_display": "0"}, "missing_lines": [69], "excluded_lines": [], "start_line": 67}, "char_to_cm": {"executed_lines": [], "summary": {"covered_lines": 0, "num_statements": 1, "percent_covered": 0.0, "percent_covered_display": "0", "missing_lines": 1, "excluded_lines": 0, "percent_statements_covered": 0.0, "percent_statements_covered_display": "0"}, "missing_lines": [77], "excluded_lines": [], "start_line": 72}, "cm_to_char": {"executed_lines": [], "summary": {"covered_lines": 0, "num_statements": 1, "percent_covered": 0.0, "percent_covered_display": "0", "missing_lines": 1, "excluded_lines": 0, "percent_statements_covered": 0.0, "percent_statements_covered_display": "0"}, "missing_lines": [82], "excluded_lines": [], "start_line": 80}, "safe_read_xml": {"executed_lines": [], "summary": {"covered_lines": 0, "num_statements": 11, "percent_covered": 0.0, "percent_covered_display": "0", "missing_lines": 11, "excluded_lines": 0, "percent_statements_covered": 0.0, "percent_statements_covered_display": "0"}, "missing_lines": [101, 102, 103, 104, 105, 107, 108, 110, 111, 112, 113], "excluded_lines": [], "start_line": 89}, "get_element_attr": {"executed_lines": [], "summary": {"covered_lines": 0, "num_statements": 6, "percent_covered": 0.0, "percent_covered_display": "0", "missing_lines": 6, "excluded_lines": 0, "percent_statements_covered": 0.0, "percent_statements_covered_display": "0"}, "missing_lines": [118, 119, 120, 121, 122, 123], "excluded_lines": [], "start_line": 116}, "get_east_asia_font": {"executed_lines": [137, 140, 141, 148], "summary": {"covered_lines": 4, "num_statements": 11, "percent_covered": 36.36363636363637, "percent_covered_display": "36", "missing_lines": 7, "excluded_lines": 0, "percent_statements_covered": 36.36363636363637, "percent_statements_covered_display": "36"}, "missing_lines": [142, 143, 145, 146, 147, 149, 150], "excluded_lines": [], "start_line": 130}, "get_font_name": {"executed_lines": [160, 166, 168, 172, 175, 176, 177, 187], "summary": {"covered_lines": 8, "num_statements": 16, "percent_covered": 50.0, "percent_covered_display": "50", "missing_lines": 8, "excluded_lines": 0, "percent_statements_covered": 50.0, "percent_statements_covered_display": "50"}, "missing_lines": [169, 178, 179, 180, 181, 182, 184, 185], "excluded_lines": [], "start_line": 153}, "get_font_size": {"executed_lines": [197, 198, 200], "summary": {"covered_lines": 3, "num_statements": 6, "percent_covered": 50.0, "percent_covered_display": "50", "missing_lines": 3, "excluded_lines": 0, "percent_statements_covered": 50.0, "percent_statements_covered_display": "50"}, "missing_lines": [199, 201, 202], "excluded_lines": [], "start_line": 190}, "get_font_bold": {"executed_lines": [207, 208, 210], "summary": {"covered_lines": 3, "num_statements": 6, "percent_covered": 50.0, "percent_covered_display": "50", "missing_lines": 3, "excluded_lines": 0, "percent_statements_covered": 50.0, "percent_statements_covered_display": "50"}, "missing_lines": [209, 211, 212], "excluded_lines": [], "start_line": 205}, "get_font_italic": {"executed_lines": [], "summary": {"covered_lines": 0, "num_statements": 6, "percent_covered": 0.0, "percent_covered_display": "0", "missing_lines": 6, "excluded_lines": 0, "percent_statements_covered": 0.0, "percent_statements_covered_display": "0"}, "missing_lines": [217, 218, 219, 220, 221, 222], "excluded_lines": [], "start_line": 215}, "is_chinese_char": {"executed_lines": [227, 229], "summary": {"covered_lines": 2, "num_statements": 3, "percent_covered": 66.66666666666667, "percent_covered_display": "67", "missing_lines": 1, "excluded_lines": 0, "percent_statements_covered": 66.66666666666667, "percent_statements_covered_display": "67"}, "missing_lines": [228], "excluded_lines": [], "start_line": 225}, "is_english_char": {"executed_lines": [234, 236], "summary": {"covered_lines": 2, "num_statements": 3, "percent_covered": 66.66666666666667, "percent_covered_display": "67", "missing_lines": 1, "excluded_lines": 0, "percent_statements_covered": 66.66666666666667, "percent_statements_covered_display": "67"}, "missing_lines": [235], "excluded_lines": [], "start_line": 232}, "is_number_char": {"executed_lines": [241, 243], "summary": {"covered_lines": 2, "num_statements": 3, "percent_covered": 66.66666666666667, "percent_covered_display": "67", "missing_lines": 1, "excluded_lines": 0, "percent_statements_covered": 66.66666666666667, "percent_statements_covered_display": "67"}, "missing_lines": [242], "excluded_lines": [], "start_line": 239}, "is_chinese_punctuation": {"executed_lines": [248], "summary": {"covered_lines": 1, "num_statements": 1, "percent_covered": 100.0, "percent_covered_display": "100", "missing_lines": 0, "excluded_lines": 0, "percent_statements_covered": 100.0, "percent_statements_covered_display": "100"}, "missing_lines": [], "excluded_lines": [], "start_line": 246}, "is_english_punctuation": {"executed_lines": [], "summary": {"covered_lines": 0, "num_statements": 1, "percent_covered": 0.0, "percent_covered_display": "0", "missing_lines": 1, "excluded_lines": 0, "percent_statements_covered": 0.0, "percent_statements_covered_display": "0"}, "missing_lines": [253], "excluded_lines": [], "start_line": 251}, "get_paragraph_alignment": {"executed_lines": [267, 268, 280], "summary": {"covered_lines": 3, "num_statements": 8, "percent_covered": 37.5, "percent_covered_display": "38", "missing_lines": 5, "excluded_lines": 0, "percent_statements_covered": 37.5, "percent_statements_covered_display": "38"}, "missing_lines": [269, 271, 279, 281, 282], "excluded_lines": [], "start_line": 260}, "get_first_line_indent": {"executed_lines": [], "summary": {"covered_lines": 0, "num_statements": 8, "percent_covered": 0.0, "percent_covered_display": "0", "missing_lines": 8, "excluded_lines": 0, "percent_statements_covered": 0.0, "percent_statements_covered_display": "0"}, "missing_lines": [292, 293, 294, 296, 297, 298, 299, 300], "excluded_lines": [], "start_line": 285}, "get_hanging_indent": {"executed_lines": [], "summary": {"covered_lines": 0, "num_statements": 9, "percent_covered": 0.0, "percent_covered_display": "0", "missing_lines": 9, "excluded_lines": 0, "percent_statements_covered": 0.0, "percent_statements_covered_display": "0"}, "missing_lines": [310, 311, 312, 314, 315, 316, 317, 318, 319], "excluded_lines": [], "start_line": 303}, "get_line_spacing": {"executed_lines": [329, 330, 331, 358], "summary": {"covered_lines": 4, "num_statements": 18, "percent_covered": 22.22222222222222, "percent_covered_display": "22", "missing_lines": 14, "excluded_lines": 0, "percent_statements_covered": 22.22222222222222, "percent_statements_covered_display": "22"}, "missing_lines": [332, 335, 336, 343, 346, 347, 348, 351, 352, 354, 355, 357, 359, 360], "excluded_lines": [], "start_line": 322}, "get_space_before": {"executed_lines": [], "summary": {"covered_lines": 0, "num_statements": 6, "percent_covered": 0.0, "percent_covered_display": "0", "missing_lines": 6, "excluded_lines": 0, "percent_statements_covered": 0.0, "percent_statements_covered_display": "0"}, "missing_lines": [365, 366, 367, 368, 369, 370], "excluded_lines": [], "start_line": 363}, "get_space_after": {"executed_lines": [], "summary": {"covered_lines": 0, "num_statements": 6, "percent_covered": 0.0, "percent_covered_display": "0", "missing_lines": 6, "excluded_lines": 0, "percent_statements_covered": 0.0, "percent_statements_covered_display": "0"}, "missing_lines": [375, 376, 377, 378, 379, 380], "excluded_lines": [], "start_line": 373}, "get_page_size": {"executed_lines": [394, 395], "summary": {"covered_lines": 2, "num_statements": 4, "percent_covered": 50.0, "percent_covered_display": "50", "missing_lines": 2, "excluded_lines": 0, "percent_statements_covered": 50.0, "percent_statements_
[...]
cluded_lines": 0, "percent_statements_covered": 75.0, "percent_statements_covered_display": "75"}, "missing_lines": [567], "excluded_lines": [], "start_line": 564}, "get_paragraph_text": {"executed_lines": [579, 580], "summary": {"covered_lines": 2, "num_statements": 4, "percent_covered": 50.0, "percent_covered_display": "50", "missing_lines": 2, "excluded_lines": 0, "percent_statements_covered": 50.0, "percent_statements_covered_display": "50"}, "missing_lines": [581, 582], "excluded_lines": [], "start_line": 577}, "get_run_text": {"executed_lines": [587, 588], "summary": {"covered_lines": 2, "num_statements": 4, "percent_covered": 50.0, "percent_covered_display": "50", "missing_lines": 2, "excluded_lines": 0, "percent_statements_covered": 50.0, "percent_statements_covered_display": "50"}, "missing_lines": [589, 590], "excluded_lines": [], "start_line": 585}, "iter_paragraph_runs": {"executed_lines": [600, 601, 602], "summary": {"covered_lines": 3, "num_statements": 5, "percent_covered": 60.0, "percent_covered_display": "60", "missing_lines": 2, "excluded_lines": 0, "percent_statements_covered": 60.0, "percent_statements_covered_display": "60"}, "missing_lines": [603, 604], "excluded_lines": [], "start_line": 593}, "is_paragraph_empty": {"executed_lines": [609, 610], "summary": {"covered_lines": 2, "num_statements": 4, "percent_covered": 50.0, "percent_covered_display": "50", "missing_lines": 2, "excluded_lines": 0, "percent_statements_covered": 50.0, "percent_statements_covered_display": "50"}, "missing_lines": [611, 612], "excluded_lines": [], "start_line": 607}, "has_style": {"executed_lines": [617, 618, 619], "summary": {"covered_lines": 3, "num_statements": 6, "percent_covered": 50.0, "percent_covered_display": "50", "missing_lines": 3, "excluded_lines": 0, "percent_statements_covered": 50.0, "percent_statements_covered_display": "50"}, "missing_lines": [620, 621, 622], "excluded_lines": [], "start_line": 615}, "": {"executed_lines": [7, 8, 11, 12, 15, 16, 17, 18, 19, 21, 22, 32, 37, 42, 47, 52, 57, 62, 67, 72, 80, 89, 116, 130, 153, 190, 205, 215, 225, 232, 239, 246, 251, 260, 285, 303, 322, 363, 373, 387, 403, 429, 434, 439, 444, 449, 454, 459, 468, 476, 484, 496, 518, 523, 528, 537, 564, 577, 585, 593, 607, 615], "summary": {"covered_lines": 62, "num_statements": 65, "percent_covered": 95.38461538461539, "percent_covered_display": "95", "missing_lines": 3, "excluded_lines": 0, "percent_statements_covered": 95.38461538461539, "percent_statements_covered_display": "95"}, "missing_lines": [13, 23, 25], "excluded_lines": [], "start_line": 1}}, "classes": {"": {"executed_lines": [7, 8, 11, 12, 15, 16, 17, 18, 19, 21, 22, 32, 34, 37, 39, 42, 44, 47, 49, 52, 57, 62, 67, 72, 80, 89, 116, 130, 137, 140, 141, 148, 153, 160, 166, 168, 172, 175, 176, 177, 187, 190, 197, 198, 200, 205, 207, 208, 210, 215, 225, 227, 229, 232, 234, 236, 239, 241, 243, 246, 248, 251, 260, 267, 268, 280, 285, 303, 322, 329, 330, 331, 358, 363, 373, 387, 394, 395, 403, 410, 411, 429, 431, 434, 436, 439, 441, 444, 446, 449, 451, 454, 456, 459, 461, 468, 470, 471, 476, 478, 479, 484, 496, 506, 507, 508, 513, 514, 515, 518, 523, 528, 537, 564, 566, 569, 570, 577, 579, 580, 585, 587, 588, 593, 600, 601, 602, 607, 609, 610, 615, 617, 618, 619], "summary": {"covered_lines": 134, "num_statements": 281, "percent_covered": 47.686832740213525, "percent_covered_display": "48", "missing_lines": 147, "excluded_lines": 0, "percent_statements_covered": 47.686832740213525, "percent_statements_covered_display": "48"}, "missing_lines": [13, 23, 25, 54, 59, 64, 69, 77, 82, 101, 102, 103, 104, 105, 107, 108, 110, 111, 112, 113, 118, 119, 120, 121, 122, 123, 142, 143, 145, 146, 147, 149, 150, 169, 178, 179, 180, 181, 182, 184, 185, 199, 201, 202, 209, 211, 212, 217, 218, 219, 220, 221, 222, 228, 235, 242, 253, 269, 271, 279, 281, 282, 292, 293, 294, 296, 297, 298, 299, 300, 310, 311, 312, 314, 315, 316, 317, 318, 319, 332, 335, 336, 343, 346, 347, 348, 351, 352, 354, 355, 357, 359, 360, 365, 366, 367, 368, 369, 370, 375, 376, 377, 378, 379, 380, 399, 400, 418, 419, 472, 473, 480, 481, 486, 487, 488, 489, 509, 510, 511, 512, 520, 525, 530, 551, 552, 553, 554, 555, 556, 557, 558, 559, 560, 561, 567, 581, 582, 589, 590, 603, 604, 611, 612, 620, 621, 622], "excluded_lines": [], "start_line": 1}}}, "verify_coverage.py": {"executed_lines": [7, 8, 9, 10, 11, 14, 17, 22, 23, 25, 26, 28, 29, 30, 33, 35, 36, 38, 39, 42, 43, 44, 45, 48, 49, 52, 53, 56, 57, 58, 59, 62, 63, 64, 66, 69, 73, 74, 76, 77, 78, 79, 80, 82, 85, 103, 183, 210, 248], "summary": {"covered_lines": 49, "num_statements": 124, "percent_covered": 39.516129032258064, "percent_covered_display": "40", "missing_lines": 75, "excluded_lines": 0, "percent_statements_covered": 39.516129032258064, "percent_statements_covered_display": "40"}, "missing_lines": [50, 94, 95, 97, 98, 100, 116, 117, 118, 119, 120, 123, 124, 128, 129, 134, 135, 137, 138, 139, 141, 142, 143, 144, 145, 148, 149, 150, 151, 152, 153, 154, 157, 158, 159, 160, 161, 162, 163, 166, 167, 168, 170, 171, 173, 176, 177, 178, 180, 197, 199, 200, 201, 202, 204, 205, 206, 207, 212, 214, 215, 216, 217, 219, 222, 223, 228, 229, 235, 238, 239, 242, 243, 245, 249], "excluded_lines": [], "functions": {"parse_md_keys": {"executed_lines": [22, 23, 25, 26, 28, 29, 30, 33, 35, 36, 38, 39, 42, 43, 44, 45, 48, 49, 52, 53, 56, 57, 58, 59, 62, 63, 64, 66], "summary": {"covered_lines": 28, "num_statements": 29, "percent_covered": 96.55172413793103, "percent_covered_display": "97", "missing_lines": 1, "excluded_lines": 0, "percent_statements_covered": 96.55172413793103, "percent_statements_covered_display": "97"}, "missing_lines": [50], "excluded_lines": [], "start_line": 17}, "parse_registry_keys": {"executed_lines": [73, 74, 76, 77, 78, 79, 80, 82], "summary": {"covered_lines": 8, "num_statements": 8, "percent_covered": 100.0, "percent_covered_display": "100", "missing_lines": 0, "excluded_lines": 0, "percent_statements_covered": 100.0, "percent_statements_covered_display": "100"}, "missing_lines": [], "excluded_lines": [], "start_line": 69}, "verify_coverage": {"executed_lines": [], "summary": {"covered_lines": 0, "num_statements": 5, "percent_covered": 0.0, "percent_covered_display": "0", "missing_lines": 5, "excluded_lines": 0, "percent_statements_covered": 0.0, "percent_statements_covered_display": "0"}, "missing_lines": [94, 95, 97, 98, 100], "excluded_lines": [], "start_line": 85}, "generate_coverage_report": {"executed_lines": [], "summary": {"covered_lines": 0, "num_statements": 43, "percent_covered": 0.0, "percent_covered_display": "0", "missing_lines": 43, "excluded_lines": 0, "percent_statements_covered": 0.0, "percent_statements_covered_display": "0"}, "missing_lines": [116, 117, 118, 119, 120, 123, 124, 128, 129, 134, 135, 137, 138, 139, 141, 142, 143, 144, 145, 148, 149, 150, 151, 152, 153, 154, 157, 158, 159, 160, 161, 162, 163, 166, 167, 168, 170, 171, 173, 176, 177, 178, 180], "excluded_lines": [], "start_line": 103}, "verify_and_block": {"executed_lines": [], "summary": {"covered_lines": 0, "num_statements": 9, "percent_covered": 0.0, "percent_covered_display": "0", "missing_lines": 9, "excluded_lines": 0, "percent_statements_covered": 0.0, "percent_statements_covered_display": "0"}, "missing_lines": [197, 199, 200, 201, 202, 204, 205, 206, 207], "excluded_lines": [], "start_line": 183}, "main": {"executed_lines": [], "summary": {"covered_lines": 0, "num_statements": 16, "percent_covered": 0.0, "percent_covered_display": "0", "missing_lines": 16, "excluded_lines": 0, "percent_statements_covered": 0.0, "percent_statements_covered_display": "0"}, "missing_lines": [212, 214, 215, 216, 217, 219, 222, 223, 228, 229, 235, 238, 239, 242, 243, 245], "excluded_lines": [], "start_line": 210}, "": {"executed_lines": [7, 8, 9, 10, 11, 14, 17, 69, 85, 103, 183, 210, 248], "summary": {"covered_lines": 13, "num_statements": 14, "percent_covered": 92.85714285714286, "percent_covered_display": "93", "missing_lines": 1, "excluded_lines": 0, "percent_statements_covered": 92.85714285714286, "percent_statements_covered_display": "93"}, "missing_lines": [249], "excluded_lines": [], "start_line": 1}}, "classes": {"": {"executed_lines": [7, 8, 9, 10, 11, 14, 17, 22, 23, 25, 26, 28, 29, 30, 33, 35, 36, 38, 39, 42, 43, 44, 45, 48, 49, 52, 53, 56, 57, 58, 59, 62, 63, 64, 66, 69, 73, 74, 76, 77, 78, 79, 80, 82, 85, 103, 183, 210, 248], "summary": {"covered_lines": 49, "num_statements": 124, "percent_covered": 39.516129032258064, "percent_covered_display": "40", "missing_lines": 75, "excluded_lines": 0, "percent_statements_covered": 39.516129032258064, "percent_statements_covered_display": "40"}, "missing_lines": [50, 94, 95, 97, 98, 100, 116, 117, 118, 119, 120, 123, 124, 128, 129, 134, 135, 137, 138, 139, 141, 142, 143, 144, 145, 148, 149, 150, 151, 152, 153, 154, 157, 158, 159, 160, 161, 162, 163, 166, 167, 168, 170, 171, 173, 176, 177, 178, 180, 197, 199, 200, 201, 202, 204, 205, 206, 207, 212, 214, 215, 216, 217, 219, 222, 223, 228, 229, 235, 238, 239, 242, 243, 245, 249], "excluded_lines": [], "start_line": 1}}}, "zone_detector.py": {"executed_lines": [7, 8, 9, 10, 13, 15, 16, 18, 19, 24, 27, 28, 29, 30, 32, 34, 35, 37, 38, 41, 49, 50, 53, 54, 57, 58, 61, 62, 65, 66, 69, 70, 73, 74, 77, 78, 81, 82, 84, 86, 90, 92, 94, 95, 97, 98, 100, 101, 102, 103, 106, 107, 110, 111, 112, 113, 115, 117, 121, 130, 135, 146, 147, 150, 165, 183, 191, 197, 203, 213, 222, 231, 240, 249, 258, 271], "summary": {"covered_lines": 76, "num_statements": 172, "percent_covered": 44.18604651162791, "percent_covered_display": "44", "missing_lines": 96, "excluded_lines": 0, "percent_statements_covered": 44.18604651162791, "percent_statements_covered_display": "44"}, "missing_lines": [20, 21, 42, 43, 88, 119, 123, 124, 125, 126, 127, 128, 131, 132, 161, 162, 175, 176, 185, 187, 188, 193, 194, 199, 200, 206, 207, 208, 209, 210, 215, 216, 217, 218, 219, 224, 225, 226, 227, 228, 233, 235, 236, 237, 242, 243, 244, 245, 246, 251, 252, 253, 254, 255, 260, 261, 262, 263, 264, 273, 276, 279, 280, 283, 284, 287, 288, 290, 293, 294, 296, 299, 300, 302, 305, 306, 308, 311, 312, 314, 317, 318, 320, 323, 325, 326, 327, 328, 329, 330, 332, 333, 334, 335, 336, 337], "excluded_lines": [], "functions": {"ZoneDetector.__init__": {"executed_lines": [28, 29, 30], "summary": {"covered_lines": 3, "num_statements": 3, "percent_covered": 100.0, "percent_covered_display": "100", "missing_lines": 0, "excluded_lines": 0, "percent_statements_covered": 100.0, "percent_statements_covered_display": "100"}, "missing_lines": [], "excluded_lines": [], "start_line": 27}, "ZoneDetector._detect": {"executed_lines": [34, 35, 37, 38, 41, 49, 50, 53, 54, 57, 58, 61, 62, 65, 66, 69, 70, 73, 74, 77, 78, 81, 82, 84], "summary": {"covered_lines": 24, "num_statements": 26, "percent_covered": 92.3076923076923, "percent_covered_display": "92", "missing_lines": 2, "excluded_lines": 0, "percent_statements_covered": 92.3076923076923, "percent_statements_covered_display": "92"}, "missing_lines": [42, 43], "excluded_lines": [], "start_line": 32}, "ZoneDetector.get_zone": {"executed_lines": [], "summary": {"covered_lines": 0, "num_statements": 1, "percent_covered": 0.0, "percent_covered_display": "0", "missing_lines": 1, "excluded_lines": 0, "percent_statements_covered": 0.0, "percent_statements_covered_display": "0"}, "missing_lines": [88], "excluded_lines": [], "start_line": 86}, "ZoneDetector.get_zone_ranges": {"executed_lines": [92, 94, 95, 97, 98, 100, 101, 102, 103, 106, 107, 110, 111, 112, 113, 115], "summary": {"covered_lines": 16, "num_statements": 16, "percent_covered": 100.0, "percent_covered_display": "100", "missing_lines": 0, "excluded_lines": 0, "percent_statements_covered": 100.0, "percent_statements_covered_display": "100"}, "missing_lines": [], "excluded_lines": [], "start_line": 90}, "ZoneDetector.get_paragraphs_in_zone": {"executed_lines": [], "summary": {"covered_lines": 0, "num_statements": 1, "percent_covered": 0.0, "percent_covered_display": "0", "missing_lines": 1, "excluded_lines": 0, "percent_statements_covered": 0.0, "percent_statements_covered_display": "0"}, "missing_lines": [119], "excluded_lines": [], "start_line": 117}, "ZoneDetector.get_zone_stats": {"executed_lines": [], "summary": {"covered_lines": 0, "num_statements": 6, "percent_covered": 0.0, "percent_covered_display": "0", "missing_lines": 6, "excluded_lines": 0, "percent_statements_covered": 0.0, "percent_statements_covered_display": "0"}, "missing_lines": [123, 124, 125, 126, 127, 128], "excluded_lines": [], "start_line": 121}, "ZoneDetector.__repr__": {"executed_lines": [], "summary": {"covered_lines": 0, "num_statements": 2, "percent_covered": 0.0, "percent_covered_display": "0", "missing_lines": 2, "excluded_lines": 0, "percent_statements_covered": 0.0, "percent_statements_covered_display": "0"}, "missing_lines": [131, 132], "excluded_lines": [], "start_line": 130}, "detect_zones": {"executed_lines": [146, 147], "summary": {"covered_lines": 2, "num_statements": 2, "percent_covered": 100.0, "percent_covered_display": "100", "missing_lines": 0, "excluded_lines": 0, "percent_statements_covered": 100.0, "percent_statements_covered_display": "100"}, "missing_lines": [], "excluded_lines": [], "start_line": 135}, "get_zone_for_paragraph": {"executed_lines": [], "summary": {"covered_lines": 0, "num_statements": 2, "percent_covered": 0.0, "percent_covered_display": "0", "missing_lines": 2, "excluded_lines": 0, "percent_statements_covered": 0.0, "percent_statements_covered_display": "0"}, "missing_lines": [161, 162], "excluded_lines": [], "start_line": 150}, "get_zone_ranges": {"executed_lines": [], "summary": {"covered_lines": 0, "num_statements": 2, "percent_covered": 0.0, "percent_covered_display": "0", "missing_lines": 2, "excluded_lines": 0, "percent_statements_covered": 0.0, "percent_statements_covered_display": "0"}, "missing_lines": [175, 176], "excluded_lines": [], "start_line": 165}, "is_cover_page": {"executed_lines": [], "summary": {"covered_lines": 0, "num_statements": 3, "percent_covered": 0.0, "percent_covered_display": "0", "missing_lines": 3, "excluded_lines": 0, "percent_statements_covered": 0.0, "percent_statements_covered_display": "0"}, "missing_lines": [185, 187, 188], "excluded_lines": [], "start_line": 183}, "is_copyright_page": {"executed_lines": [], "summary": {"covered_lines": 0, "num_statements": 2, "percent_covered": 0.0, "percent_covered_display": "0", "missing_lines": 2, "excluded_lines": 0, "percent_statements_covered": 0.0, "percent_statements_covered_display": "0"}, "missing_lines": [193, 194], "excluded_lines": [], "start_line": 191}, "is_declaration_page": {"executed_lines": [], "summary": {"covered_lines": 0, "num_statements": 2, "percent_covered": 0.0, "percent_covered_display": "0", "missing_lines": 2, "excluded_lines": 0, "percent_statements_covered": 0.0, "percent_statements_covered_display": "0"}, "missing_lines": [199, 200], "excluded_lines": [], "start_line": 197}, "is_abstract_cn": {"executed_lines": [], "summary": {"covered_lines": 0, "num_statements": 5, "percent_covered": 0.0, "percent_covered_display": "0", "missing_lines": 5, "excluded_lines": 0, "percent_statements_covered": 0.0, "percent_statements_covered_display": "0"}, "missing_lines": [206, 207, 208, 209, 210], "excluded_lines": [], "start_line": 203}, "is_abstract_en": {"executed_lines": [], "summary": {"covered_lines": 0, "num_statements": 5, "percent_covered": 0.0, "percent_covered_display": "0", "missing_lines": 5, "excluded_lines": 0, "percent_statements_covered": 0.0, "percent_statements_covered_display": "0"}, "missing_lines": [215, 216, 217, 218, 219], "excluded_lines": [], "start_line": 213}, "is_toc": {"executed_lines": [], "summary": {"covered_lines": 0, "num_statements": 5, "percent_covered": 0.0, "percent_covered_display": "0", "missing_lines": 5, "excluded_lines": 0, "percent_statements_covered": 0.0, "percent_statements_covered_display": "0"}, "missing_lines": [224, 225, 226, 227, 228], "excluded_lines": [], "start_line": 222}, "is_body_chapter": {"executed_lines": [], "summary": {"covered_lines": 0, "num_statements": 4, "percent_covered": 0.0, "percent_covered_display": "0", "missing_lines": 4, "excluded_lines": 0, "percent_statements_covered": 0.0, "percent_statements_covered_display": "0"}, "missing_lines": [233, 235, 236, 237], "excluded_lines": [], "start_line": 231}, "is_references": {"executed_lines": [], "summary": {"covered_lines": 0, "num_statements": 5, "percent_covered": 0.0, "percent_covered_display": "0", "missing_lines": 5, "excluded_lines": 0, "percent_statements_covered": 0.0, "percent_statements_covered_display": "0"}, "missing_lines": [242, 243, 244, 245, 246], "excluded_lines": [], "start_line": 240}, "is_appendix": {"executed_lines": [], "summary": {"covered_lines": 0, "num_statements": 5, "percent_covered": 0.0, "percent_covered_display": "0", "missing_lines": 5, "excluded_lines": 0, "percent_statements_covered": 0.0, "percent_statements_covered_display": "0"}, "missing_lines": [251, 252, 253, 254, 255], "excluded_lines": [], "start_line": 249}, "is_acknowledgment": {"executed_lines": [], "summary": {"covered_lines": 0, "num_statements": 5, "percent_covered": 0.0, "percent_covered_display": "0", "missing_lines": 5, "excluded_lines": 0, "percent_statements_covered": 0.0, "percent_statements_covered_display": "0"}, "missing_lines": [260, 261, 262, 263, 264], "excluded_lines": [], "start_line": 258}, "": {"executed_lines": [7, 8, 9, 10, 13, 15, 16, 18, 19, 24, 27, 32, 86, 90, 117, 121, 130, 135, 150, 165, 183, 191, 197, 203, 213, 222, 231, 240, 249, 258, 271], "summary": {"covered_lines": 31, "num_statements": 70, "percent_covered": 44.285714285714285, "percent_covered_display": "44", "missing_lines": 39, "excluded_lines": 0, "percent_statements_covered": 44.285714285714285, "percent_statements_covered_display": "44"}, "missing_lines": [20, 21, 273, 276, 279, 280, 283, 284, 287, 288, 290, 293, 294, 296, 299, 300, 302, 305, 306, 308, 311, 312, 314, 317, 318, 320, 323, 325, 326, 327, 328, 329, 330, 332, 333, 334, 335, 336, 337], "excluded_lines": [], "start_line": 1}}, "classes": {"ZoneDetector": {"executed_lines": [28, 29, 30, 34, 35, 37, 38, 41, 49, 50, 53, 54, 57, 58, 61, 62, 65, 66, 69, 70, 73, 74, 77, 78, 81, 82, 84, 92, 94, 95, 97, 98, 100, 101, 102, 103, 106, 107, 110, 111, 112, 113, 115], "summary": {"covered_lines": 43, "num_statements": 55, "percent_covered": 78.18181818181819, "percent_covered_display": "78", "missing_lines": 12, "excluded_lines": 0, "percent_statements_covered": 78.18181818181819, "percent_statements_covered_display": "78"}, "missing_lines": [42, 43, 88, 119, 123, 124, 125, 126, 127, 128, 131, 132], "excluded_lines": [], "start_line": 24}, "": {"executed_lines": [7, 8, 9, 10, 13, 15, 16, 18, 19, 24, 27, 32, 86, 90, 117, 121, 130, 135, 146, 147, 150, 165, 183, 191, 197, 203, 213, 222, 231, 240, 249, 258, 271], "summary": {"covered_lines": 33, "num_statements": 117, "percent_covered": 28.205128205128204, "percent_covered_display": "28", "missing_lines": 84, "excluded_lines": 0, "percent_statements_covered": 28.205128205128204, "percent_statements_covered_display": "28"}, "missing_lines": [20, 21, 161, 162, 175, 176, 185, 187, 188, 193, 194, 199, 200, 206, 207, 208, 209, 210, 215, 216, 217, 218, 219, 224, 225, 226, 227, 228, 233, 235, 236, 237, 242, 243, 244, 245, 246, 251, 252, 253, 254, 255, 260, 261, 262, 263, 264, 273, 276, 279, 280, 283, 284, 287, 288, 290, 293, 294, 296, 299, 300, 302, 305, 306, 308, 311, 312, 314, 317, 318, 320, 323, 325, 326, 327, 328, 329, 330, 332, 333, 334, 335, 336, 337], "excluded_lines": [], "start_line": 1}}}}, "totals": {"covered_lines": 712, "num_statements": 1918, "percent_covered": 37.122002085505734, "percent_covered_display": "37", "missing_lines": 1206, "excluded_lines": 0, "percent_statements_covered": 37.122002085505734, "percent_statements_covered_display": "37"}}